\BOOKMARK [0][-]{section*.1}{\376\377\000M\036\344\000C\000\040\000L\036\344\000C}{}% 1
\BOOKMARK [0][-]{section*.3}{\376\377\000D\000A\000N\000H\000\040\000S\000\301\000C\000H\000\040\000C\000H\036\356\000\040\000V\000I\036\276\000T\000\040\000T\036\256\000T}{}% 2
\BOOKMARK [0][-]{section*.5}{\376\377\000D\000A\000N\000H\000\040\000S\000\301\000C\000H\000\040\000C\000\301\000C\000\040\000H\000\314\000N\000H}{}% 3
\BOOKMARK [0][-]{section*.7}{\376\377\000D\000A\000N\000H\000\040\000S\000\301\000C\000H\000\040\000C\000\301\000C\000\040\000B\036\242\000N\000G}{}% 4
\BOOKMARK [0][-]{chapter.1}{\376\377\000I\000N\000T\000R\000O\000D\000U\000C\000T\000I\000O\000N}{}% 5
\BOOKMARK [0][-]{chapter.2}{\376\377\000T\000H\000E\000O\000R\000E\000T\000I\000C\000A\000L\000\040\000F\000O\000U\000N\000D\000A\000T\000I\000O\000N}{}% 6
\BOOKMARK [1][-]{section.2.1}{\376\377\000C\000h\000i\000p\000y\000a\000r\000d\000\040\000F\000r\000a\000m\000e\000w\000o\000r\000k}{chapter.2}% 7
\BOOKMARK [2][-]{subsection.2.1.1}{\376\377\000O\000v\000e\000r\000v\000i\000e\000w\000\040\000o\000f\000\040\000C\000h\000i\000p\000y\000a\000r\000d}{section.2.1}% 8
\BOOKMARK [2][-]{subsection.2.1.2}{\376\377\000K\000e\000y\000\040\000C\000o\000m\000p\000o\000n\000e\000n\000t\000s\000\040\000o\000f\000\040\000C\000h\000i\000p\000y\000a\000r\000d}{section.2.1}% 9
\BOOKMARK [1][-]{section.2.2}{\376\377\000R\000o\000c\000k\000e\000t\000\040\000C\000h\000i\000p\000\040\000a\000n\000d\000\040\000R\000I\000S\000C\000-\000V}{chapter.2}% 10
\BOOKMARK [2][-]{subsection.2.2.1}{\376\377\000T\000h\000e\000\040\000R\000I\000S\000C\000-\000V\000\040\000I\000n\000s\000t\000r\000u\000c\000t\000i\000o\000n\000\040\000S\000e\000t\000\040\000A\000r\000c\000h\000i\000t\000e\000c\000t\000u\000r\000e\000\040\000\050\000I\000S\000A\000\051}{section.2.2}% 11
\BOOKMARK [2][-]{subsection.2.2.2}{\376\377\000R\000o\000c\000k\000e\000t\000\040\000C\000h\000i\000p\000\040\000S\000o\000C\000\040\000G\000e\000n\000e\000r\000a\000t\000o\000r}{section.2.2}% 12
\BOOKMARK [1][-]{section.2.3}{\376\377\000G\000e\000m\000m\000i\000n\000i\000\040\000A\000c\000c\000e\000l\000e\000r\000a\000t\000o\000r}{chapter.2}% 13
\BOOKMARK [1][-]{section.2.4}{\376\377\000L\000i\000n\000u\000x\000\040\000o\000n\000\040\000R\000I\000S\000C\000-\000V\000\040\000S\000o\000C\000s}{chapter.2}% 14
\BOOKMARK [1][-]{section.2.5}{\376\377\000T\000i\000m\000e\000-\000S\000e\000r\000i\000e\000s\000\040\000A\000n\000o\000m\000a\000l\000y\000\040\000D\000e\000t\000e\000c\000t\000i\000o\000n}{chapter.2}% 15
\BOOKMARK [0][-]{chapter.3}{\376\377\000I\000M\000P\000L\000E\000M\000E\000N\000T\000A\000T\000I\000O\000N}{}% 16
\BOOKMARK [1][-]{section.3.1}{\376\377\000T\000a\000r\000g\000e\000t\000\040\000S\000o\000C\000\040\000A\000r\000c\000h\000i\000t\000e\000c\000t\000u\000r\000e\000:\000\040\000R\000o\000c\000k\000e\000t\000\040\000C\000o\000r\000e\000\040\0006\0004\000-\000b\000i\000t\000\040\000B\000i\000g\000\040\000C\000o\000r\000e\000\040\000w\000i\000t\000h\000\040\000G\000e\000m\000m\000i\000n\000i\000\040\0001\0006\000x\0001\0006\000\040\000A\000c\000c\000e\000l\000e\000r\000a\000t\000o\000r\000\040\000\050\000R\000o\000c\000k\000e\000t\0006\0004\000b\0001\000g\000e\000m\0001\0006\000\051}{chapter.3}% 17
\BOOKMARK [1][-]{section.3.2}{\376\377\000K\000e\000y\000\040\000A\000r\000c\000h\000i\000t\000e\000c\000t\000u\000r\000a\000l\000\040\000C\000o\000m\000p\000o\000n\000e\000n\000t\000s\000\040\000a\000n\000d\000\040\000T\000h\000e\000i\000r\000\040\000C\000o\000n\000f\000i\000g\000u\000r\000a\000t\000i\000o\000n}{chapter.3}% 18
\BOOKMARK [2][-]{subsection.3.2.1}{\376\377\000G\000e\000m\000m\000i\000n\000i\000\040\000A\000c\000c\000e\000l\000e\000r\000a\000t\000o\000r\000\040\000I\000n\000t\000e\000g\000r\000a\000t\000i\000o\000n\000\040\000a\000n\000d\000\040\000S\000y\000s\000t\000e\000m\000\040\000I\000n\000t\000e\000r\000f\000a\000c\000e}{section.3.2}% 19
\BOOKMARK [2][-]{subsection.3.2.2}{\376\377\000G\000e\000m\000m\000i\000n\000i\000'\000s\000\040\000I\000n\000t\000e\000r\000n\000a\000l\000\040\000A\000r\000c\000h\000i\000t\000e\000c\000t\000u\000r\000e\000\040\000a\000n\000d\000\040\000O\000p\000e\000r\000a\000t\000i\000o\000n\000a\000l\000\040\000P\000a\000r\000a\000m\000e\000t\000e\000r\000s}{section.3.2}% 20
\BOOKMARK [2][-]{subsection.3.2.3}{\376\377\000C\000P\000U\000\040\000C\000o\000r\000e\000\040\000a\000n\000d\000\040\000B\000a\000s\000e\000\040\000S\000y\000s\000t\000e\000m\000\040\000C\000o\000n\000f\000i\000g\000u\000r\000a\000t\000i\000o\000n}{section.3.2}% 21
\BOOKMARK [1][-]{section.3.3}{\376\377\000M\000e\000m\000o\000r\000y\000\040\000H\000i\000e\000r\000a\000r\000c\000h\000y\000,\000\040\000C\000o\000h\000e\000r\000e\000n\000c\000e\000,\000\040\000a\000n\000d\000\040\000S\000y\000s\000t\000e\000m\000\040\000I\000n\000t\000e\000r\000c\000o\000n\000n\000e\000c\000t}{chapter.3}% 22
\BOOKMARK [1][-]{section.3.4}{\376\377\000F\000P\000G\000A\000\040\000R\000e\000a\000l\000i\000z\000a\000t\000i\000o\000n\000\040\000a\000n\000d\000\040\000S\000o\000f\000t\000w\000a\000r\000e\000\040\000S\000t\000a\000c\000k\000\040\000f\000o\000r\000\040\000L\000i\000n\000u\000x\000\040\000E\000n\000v\000i\000r\000o\000n\000m\000e\000n\000t}{chapter.3}% 23
\BOOKMARK [2][-]{subsection.3.4.1}{\376\377\000B\000o\000o\000t\000\040\000P\000r\000o\000c\000e\000s\000s\000\040\000a\000n\000d\000\040\000S\000o\000f\000t\000w\000a\000r\000e\000\040\000C\000o\000m\000p\000o\000n\000e\000n\000t\000s}{section.3.4}% 24
\BOOKMARK [1][-]{section.3.5}{\376\377\000C\000h\000i\000p\000y\000a\000r\000d\000\040\000F\000r\000a\000m\000e\000w\000o\000r\000k\000\040\000a\000n\000d\000\040\000R\000a\000t\000i\000o\000n\000a\000l\000e\000\040\000f\000o\000r\000\040\000T\000i\000m\000e\000-\000S\000e\000r\000i\000e\000s\000\040\000A\000n\000o\000m\000a\000l\000y\000\040\000D\000e\000t\000e\000c\000t\000i\000o\000n}{chapter.3}% 25
\BOOKMARK [1][-]{section.3.6}{\376\377\000I\000m\000p\000l\000e\000m\000e\000n\000t\000a\000t\000i\000o\000n\000\040\000o\000f\000\040\000t\000h\000e\000\040\000T\000i\000m\000e\000-\000S\000e\000r\000i\000e\000s\000\040\000A\000n\000o\000m\000a\000l\000y\000\040\000D\000e\000t\000e\000c\000t\000i\000o\000n\000\040\000S\000y\000s\000t\000e\000m}{chapter.3}% 26
\BOOKMARK [0][-]{section*.10}{\376\377\000T\000\300\000I\000\040\000L\000I\036\306\000U\000\040\000T\000H\000A\000M\000\040\000K\000H\036\242\000O}{}% 27
\BOOKMARK [0][-]{appendix.A}{\376\377\000M\000\303\000\040\000N\000G\000U\036\322\000N\000\040\000C\036\346\000A\000\040\000T\000H\000I\036\276\000T\000\040\000K\036\276}{}% 28
\BOOKMARK [1][-]{section.A.1}{\376\377\000M\000\343\000\040\000V\000e\000r\000i\000l\000o\000g\000\040\000T\000o\000p\000-\000L\000e\000v\000e\000l\000\040\000c\000h\000o\000\040\000D\000M\000A\000N\000i\000o\000s\000V}{appendix.A}% 29
\BOOKMARK [0][-]{appendix.A}{\376\377\000M\036\330\000T\000\040\000S\036\320\000\040\000L\036\326\000I\000\040\000T\000H\001\257\036\334\000N\000G\000\040\000G\036\266\000P}{}% 30
\BOOKMARK [1][-]{section.A.1}{\376\377\000L\036\327\000i\000\040\000T\036\241\000o\000\040\000B\000S\000P\000\040\000h\000o\036\267\000c\000\040\000B\000i\000\352\000n\000\040\000d\036\313\000c\000h\000\040\036\350\000n\000g\000\040\000d\036\345\000n\000g}{appendix.A}% 31
