This is pdfTeX, Version 3.141592653-2.6-1.40.27 (MiKTeX 25.3 Portable) (preloaded format=pdflatex 2025.4.11)  15 JUN 2025 15:03
entering extended mode
 restricted \write18 enabled.
 %&-line parsing enabled.
**./main.tex
(main.tex
LaTeX2e <2024-11-01> patch level 2
L3 programming layer <2025-01-18>
(D:\Program Files\MikTex\texmfs\install\tex/latex/extsizes\extreport.cls
Document Class: extreport 1996/10/08 v1.0 Non Standard LaTeX document class
(D:\Program Files\MikTex\texmfs\install\tex/latex/extsizes\size14.clo
File: size14.clo 1999/11/11 v1.4a NON-Standard LaTeX file (size option)
)
(D:\Program Files\MikTex\texmfs\install\tex/latex/base\exscale.sty
Package: exscale 2018/09/24 v2.1i Standard LaTeX package exscale
LaTeX Font Info:    Redeclaring symbol font `largesymbols' on input line 57.
LaTeX Font Info:    Overwriting symbol font `largesymbols' in version `normal'
(Font)                  OMX/cmex/m/n --> OMX/cmex/m/n on input line 57.
LaTeX Font Info:    Overwriting symbol font `largesymbols' in version `bold'
(Font)                  OMX/cmex/m/n --> OMX/cmex/m/n on input line 57.
\big@size=\dimen141
)
\c@part=\count196
\c@chapter=\count197
\c@section=\count198
\c@subsection=\count199
\c@subsubsection=\count266
\c@paragraph=\count267
\c@subparagraph=\count268
\c@figure=\count269
\c@table=\count270
\abovecaptionskip=\skip49
\belowcaptionskip=\skip50
\bibindent=\dimen142
)
(D:\Program Files\MikTex\texmfs\install\tex/latex/koma-script\scrextend.sty
Package: scrextend 2024/10/24 v3.43 KOMA-Script package (extend other classes w
ith features of KOMA-Script classes)

(D:\Program Files\MikTex\texmfs\install\tex/latex/koma-script\scrkbase.sty
Package: scrkbase 2024/10/24 v3.43 KOMA-Script package (KOMA-Script-dependent b
asics and keyval usage)

(D:\Program Files\MikTex\texmfs\install\tex/latex/koma-script\scrbase.sty
Package: scrbase 2024/10/24 v3.43 KOMA-Script package (KOMA-Script-independent 
basics and keyval usage)

(D:\Program Files\MikTex\texmfs\install\tex/latex/koma-script\scrlfile.sty
Package: scrlfile 2024/10/24 v3.43 KOMA-Script package (file load hooks)

(D:\Program Files\MikTex\texmfs\install\tex/latex/koma-script\scrlfile-hook.sty
Package: scrlfile-hook 2024/10/24 v3.43 KOMA-Script package (using LaTeX hooks)

(D:\Program Files\MikTex\texmfs\install\tex/latex/koma-script\scrlogo.sty
Package: scrlogo 2024/10/24 v3.43 KOMA-Script package (logo)
)))
(D:\Program Files\MikTex\texmfs\install\tex/latex/graphics\keyval.sty
Package: keyval 2022/05/29 v1.15 key=value parser (DPC)
\KV@toks@=\toks17
)
Applying: [2021/05/01] Usage of raw or classic option list on input line 254.
Already applied: [0000/00/00] Usage of raw or classic option list on input line
 370.
)))

LaTeX Font Warning: Font shape `OT1/cmr/m/n' in size <13> not available
(Font)              size <12> substituted on input line 9.

(D:\Program Files\MikTex\texmfs\install\tex/latex/base\fontenc.sty
Package: fontenc 2021/04/29 v2.0v Standard LaTeX package

(D:\Program Files\MikTex\texmfs\install\tex/latex/vntex\t5enc.def
File: t5enc.def 2006/11/21 v1.4 Vietnamese T5 encoding
Now handling font encoding T5 ...
... processing UTF-8 mapping file for font encoding T5

(D:\Program Files\MikTex\texmfs\install\tex/latex/vntex\t5enc.dfu
File: t5enc.dfu 2006/08/19 v1.1 UTF8 support for Vietnamese
   defining Unicode char U+00AB (decimal 171)
   defining Unicode char U+00BB (decimal 187)
   defining Unicode char U+00C0 (decimal 192)
   defining Unicode char U+00C1 (decimal 193)
   defining Unicode char U+00C2 (decimal 194)
   defining Unicode char U+00C3 (decimal 195)
   defining Unicode char U+00C8 (decimal 200)
   defining Unicode char U+00C9 (decimal 201)
   defining Unicode char U+00CA (decimal 202)
   defining Unicode char U+00CC (decimal 204)
   defining Unicode char U+00CD (decimal 205)
   defining Unicode char U+00D2 (decimal 210)
   defining Unicode char U+00D3 (decimal 211)
   defining Unicode char U+00D4 (decimal 212)
   defining Unicode char U+00D5 (decimal 213)
   defining Unicode char U+00D9 (decimal 217)
   defining Unicode char U+00DA (decimal 218)
   defining Unicode char U+00DD (decimal 221)
   defining Unicode char U+00E0 (decimal 224)
   defining Unicode char U+00E1 (decimal 225)
   defining Unicode char U+00E2 (decimal 226)
   defining Unicode char U+00E3 (decimal 227)
   defining Unicode char U+00E8 (decimal 232)
   defining Unicode char U+00E9 (decimal 233)
   defining Unicode char U+00EA (decimal 234)
   defining Unicode char U+00EC (decimal 236)
   defining Unicode char U+00ED (decimal 237)
   defining Unicode char U+00F2 (decimal 242)
   defining Unicode char U+00F3 (decimal 243)
   defining Unicode char U+00F4 (decimal 244)
   defining Unicode char U+00F5 (decimal 245)
   defining Unicode char U+00F9 (decimal 249)
   defining Unicode char U+00FA (decimal 250)
   defining Unicode char U+00FD (decimal 253)
   defining Unicode char U+0102 (decimal 258)
   defining Unicode char U+0103 (decimal 259)
   defining Unicode char U+0110 (decimal 272)
   defining Unicode char U+0111 (decimal 273)
   defining Unicode char U+0128 (decimal 296)
   defining Unicode char U+0129 (decimal 297)
   defining Unicode char U+0131 (decimal 305)
   defining Unicode char U+0168 (decimal 360)
   defining Unicode char U+0169 (decimal 361)
   defining Unicode char U+01A0 (decimal 416)
   defining Unicode char U+01A1 (decimal 417)
   defining Unicode char U+01AF (decimal 431)
   defining Unicode char U+01B0 (decimal 432)
   defining Unicode char U+1EA0 (decimal 7840)
   defining Unicode char U+1EA1 (decimal 7841)
   defining Unicode char U+1EA2 (decimal 7842)
   defining Unicode char U+1EA3 (decimal 7843)
   defining Unicode char U+1EA4 (decimal 7844)
   defining Unicode char U+1EA5 (decimal 7845)
   defining Unicode char U+1EA6 (decimal 7846)
   defining Unicode char U+1EA7 (decimal 7847)
   defining Unicode char U+1EA8 (decimal 7848)
   defining Unicode char U+1EA9 (decimal 7849)
   defining Unicode char U+1EAA (decimal 7850)
   defining Unicode char U+1EAB (decimal 7851)
   defining Unicode char U+1EAC (decimal 7852)
   defining Unicode char U+1EAD (decimal 7853)
   defining Unicode char U+1EAE (decimal 7854)
   defining Unicode char U+1EAF (decimal 7855)
   defining Unicode char U+1EB0 (decimal 7856)
   defining Unicode char U+1EB1 (decimal 7857)
   defining Unicode char U+1EB2 (decimal 7858)
   defining Unicode char U+1EB3 (decimal 7859)
   defining Unicode char U+1EB4 (decimal 7860)
   defining Unicode char U+1EB5 (decimal 7861)
   defining Unicode char U+1EB6 (decimal 7862)
   defining Unicode char U+1EB7 (decimal 7863)
   defining Unicode char U+1EB8 (decimal 7864)
   defining Unicode char U+1EB9 (decimal 7865)
   defining Unicode char U+1EBA (decimal 7866)
   defining Unicode char U+1EBB (decimal 7867)
   defining Unicode char U+1EBC (decimal 7868)
   defining Unicode char U+1EBD (decimal 7869)
   defining Unicode char U+1EBE (decimal 7870)
   defining Unicode char U+1EBF (decimal 7871)
   defining Unicode char U+1EC0 (decimal 7872)
   defining Unicode char U+1EC1 (decimal 7873)
   defining Unicode char U+1EC2 (decimal 7874)
   defining Unicode char U+1EC3 (decimal 7875)
   defining Unicode char U+1EC4 (decimal 7876)
   defining Unicode char U+1EC5 (decimal 7877)
   defining Unicode char U+1EC6 (decimal 7878)
   defining Unicode char U+1EC7 (decimal 7879)
   defining Unicode char U+1EC8 (decimal 7880)
   defining Unicode char U+1EC9 (decimal 7881)
   defining Unicode char U+1ECA (decimal 7882)
   defining Unicode char U+1ECB (decimal 7883)
   defining Unicode char U+1ECC (decimal 7884)
   defining Unicode char U+1ECD (decimal 7885)
   defining Unicode char U+1ECE (decimal 7886)
   defining Unicode char U+1ECF (decimal 7887)
   defining Unicode char U+1ED0 (decimal 7888)
   defining Unicode char U+1ED1 (decimal 7889)
   defining Unicode char U+1ED2 (decimal 7890)
   defining Unicode char U+1ED3 (decimal 7891)
   defining Unicode char U+1ED4 (decimal 7892)
   defining Unicode char U+1ED5 (decimal 7893)
   defining Unicode char U+1ED6 (decimal 7894)
   defining Unicode char U+1ED7 (decimal 7895)
   defining Unicode char U+1ED8 (decimal 7896)
   defining Unicode char U+1ED9 (decimal 7897)
   defining Unicode char U+1EDA (decimal 7898)
   defining Unicode char U+1EDB (decimal 7899)
   defining Unicode char U+1EDC (decimal 7900)
   defining Unicode char U+1EDD (decimal 7901)
   defining Unicode char U+1EDE (decimal 7902)
   defining Unicode char U+1EDF (decimal 7903)
   defining Unicode char U+1EE0 (decimal 7904)
   defining Unicode char U+1EE1 (decimal 7905)
   defining Unicode char U+1EE2 (decimal 7906)
   defining Unicode char U+1EE3 (decimal 7907)
   defining Unicode char U+1EE4 (decimal 7908)
   defining Unicode char U+1EE5 (decimal 7909)
   defining Unicode char U+1EE6 (decimal 7910)
   defining Unicode char U+1EE7 (decimal 7911)
   defining Unicode char U+1EE8 (decimal 7912)
   defining Unicode char U+1EE9 (decimal 7913)
   defining Unicode char U+1EEA (decimal 7914)
   defining Unicode char U+1EEB (decimal 7915)
   defining Unicode char U+1EEC (decimal 7916)
   defining Unicode char U+1EED (decimal 7917)
   defining Unicode char U+1EEE (decimal 7918)
   defining Unicode char U+1EEF (decimal 7919)
   defining Unicode char U+1EF0 (decimal 7920)
   defining Unicode char U+1EF1 (decimal 7921)
   defining Unicode char U+1EF2 (decimal 7922)
   defining Unicode char U+1EF3 (decimal 7923)
   defining Unicode char U+1EF4 (decimal 7924)
   defining Unicode char U+1EF5 (decimal 7925)
   defining Unicode char U+1EF6 (decimal 7926)
   defining Unicode char U+1EF7 (decimal 7927)
   defining Unicode char U+1EF8 (decimal 7928)
   defining Unicode char U+1EF9 (decimal 7929)
   defining Unicode char U+200C (decimal 8204)
   defining Unicode char U+2013 (decimal 8211)
   defining Unicode char U+2014 (decimal 8212)
   defining Unicode char U+2018 (decimal 8216)
   defining Unicode char U+2019 (decimal 8217)
   defining Unicode char U+201A (decimal 8218)
   defining Unicode char U+201C (decimal 8220)
   defining Unicode char U+201D (decimal 8221)
   defining Unicode char U+201E (decimal 8222)
   defining Unicode char U+2030 (decimal 8240)
   defining Unicode char U+2031 (decimal 8241)
   defining Unicode char U+2039 (decimal 8249)
   defining Unicode char U+203A (decimal 8250)
   defining Unicode char U+2423 (decimal 9251)
))
LaTeX Font Info:    Trying to load font information for T5+cmr on input line 11
6.

(D:\Program Files\MikTex\texmfs\install\tex/latex/vntex\t5cmr.fd
File: t5cmr.fd 1999/05/25 v2.5h Standard LaTeX font definitions
))
(D:\Program Files\MikTex\texmfs\install\tex/latex/base\inputenc.sty
Package: inputenc 2024/02/08 v1.3d Input encoding file
\inpenc@prehook=\toks18
\inpenc@posthook=\toks19
)
(D:\Program Files\MikTex\texmfs\install\tex/latex/placeins\placeins.sty
Package: placeins 2005/04/18  v 2.2
)
(D:\Program Files\MikTex\texmfs\install\tex/latex/biblatex\biblatex.sty
Package: biblatex 2024/03/21 v3.20 programmable bibliographies (PK/MW)

(D:\Program Files\MikTex\texmfs\install\tex/generic/pdftexcmds\pdftexcmds.sty
Package: pdftexcmds 2020-06-27 v0.33 Utility functions of pdfTeX for LuaTeX (HO
)

(D:\Program Files\MikTex\texmfs\install\tex/generic/infwarerr\infwarerr.sty
Package: infwarerr 2019/12/03 v1.5 Providing info/warning/error messages (HO)
)
(D:\Program Files\MikTex\texmfs\install\tex/generic/iftex\iftex.sty
Package: iftex 2024/12/12 v1.0g TeX engine tests
)
(D:\Program Files\MikTex\texmfs\install\tex/generic/ltxcmds\ltxcmds.sty
Package: ltxcmds 2023-12-04 v1.26 LaTeX kernel commands for general use (HO)
)
Package pdftexcmds Info: \pdf@primitive is available.
Package pdftexcmds Info: \pdf@ifprimitive is available.
Package pdftexcmds Info: \pdfdraftmode found.
)
(D:\Program Files\MikTex\texmfs\install\tex/latex/etoolbox\etoolbox.sty
Package: etoolbox 2025/02/11 v2.5l e-TeX tools for LaTeX (JAW)
\etb@tempcnta=\count271
)
(D:\Program Files\MikTex\texmfs\install\tex/latex/kvoptions\kvoptions.sty
Package: kvoptions 2022-06-15 v3.15 Key value format for package options (HO)

(D:\Program Files\MikTex\texmfs\install\tex/latex/kvsetkeys\kvsetkeys.sty
Package: kvsetkeys 2022-10-05 v1.19 Key value parser (HO)
))
(D:\Program Files\MikTex\texmfs\install\tex/latex/logreq\logreq.sty
Package: logreq 2010/08/04 v1.0 xml request logger
\lrq@indent=\count272

(D:\Program Files\MikTex\texmfs\install\tex/latex/logreq\logreq.def
File: logreq.def 2010/08/04 v1.0 logreq spec v1.0
))
(D:\Program Files\MikTex\texmfs\install\tex/latex/base\ifthen.sty
Package: ifthen 2024/03/16 v1.1e Standard LaTeX ifthen package (DPC)
)
(D:\Program Files\MikTex\texmfs\install\tex/latex/url\url.sty
\Urlmuskip=\muskip17
Package: url 2013/09/16  ver 3.4  Verb mode for urls, etc.
)
\c@tabx@nest=\count273
\c@listtotal=\count274
\c@listcount=\count275
\c@liststart=\count276
\c@liststop=\count277
\c@citecount=\count278
\c@citetotal=\count279
\c@multicitecount=\count280
\c@multicitetotal=\count281
\c@instcount=\count282
\c@maxnames=\count283
\c@minnames=\count284
\c@maxitems=\count285
\c@minitems=\count286
\c@citecounter=\count287
\c@maxcitecounter=\count288
\c@savedcitecounter=\count289
\c@uniquelist=\count290
\c@uniquename=\count291
\c@refsection=\count292
\c@refsegment=\count293
\c@maxextratitle=\count294
\c@maxextratitleyear=\count295
\c@maxextraname=\count296
\c@maxextradate=\count297
\c@maxextraalpha=\count298
\c@abbrvpenalty=\count299
\c@highnamepenalty=\count300
\c@lownamepenalty=\count301
\c@maxparens=\count302
\c@parenlevel=\count303
\blx@tempcnta=\count304
\blx@tempcntb=\count305
\blx@tempcntc=\count306
\c@blx@maxsection=\count307
\blx@maxsegment@0=\count308
\blx@notetype=\count309
\blx@parenlevel@text=\count310
\blx@parenlevel@foot=\count311
\blx@sectionciteorder@0=\count312
\blx@sectionciteorderinternal@0=\count313
\blx@entrysetcounter=\count314
\blx@biblioinstance=\count315
\labelnumberwidth=\skip51
\labelalphawidth=\skip52
\biblabelsep=\skip53
\bibitemsep=\skip54
\bibnamesep=\skip55
\bibinitsep=\skip56
\bibparsep=\skip57
\bibhang=\skip58
\blx@bcfin=\read2
\blx@bcfout=\write3
\blx@langwohyphens=\language79
\c@mincomprange=\count316
\c@maxcomprange=\count317
\c@mincompwidth=\count318
Package biblatex Info: Trying to load biblatex default data model...
Package biblatex Info: ... file 'blx-dm.def' found.

(D:\Program Files\MikTex\texmfs\install\tex/latex/biblatex\blx-dm.def
File: blx-dm.def 2024/03/21 v3.20 biblatex datamodel (PK/MW)
)
Package biblatex Info: Trying to load biblatex custom data model...
Package biblatex Info: ... file 'biblatex-dm.cfg' not found.
\c@afterword=\count319
\c@savedafterword=\count320
\c@annotator=\count321
\c@savedannotator=\count322
\c@author=\count323
\c@savedauthor=\count324
\c@bookauthor=\count325
\c@savedbookauthor=\count326
\c@commentator=\count327
\c@savedcommentator=\count328
\c@editor=\count329
\c@savededitor=\count330
\c@editora=\count331
\c@savededitora=\count332
\c@editorb=\count333
\c@savededitorb=\count334
\c@editorc=\count335
\c@savededitorc=\count336
\c@foreword=\count337
\c@savedforeword=\count338
\c@holder=\count339
\c@savedholder=\count340
\c@introduction=\count341
\c@savedintroduction=\count342
\c@namea=\count343
\c@savednamea=\count344
\c@nameb=\count345
\c@savednameb=\count346
\c@namec=\count347
\c@savednamec=\count348
\c@translator=\count349
\c@savedtranslator=\count350
\c@shortauthor=\count351
\c@savedshortauthor=\count352
\c@shorteditor=\count353
\c@savedshorteditor=\count354
\c@labelname=\count355
\c@savedlabelname=\count356
\c@institution=\count357
\c@savedinstitution=\count358
\c@lista=\count359
\c@savedlista=\count360
\c@listb=\count361
\c@savedlistb=\count362
\c@listc=\count363
\c@savedlistc=\count364
\c@listd=\count365
\c@savedlistd=\count366
\c@liste=\count367
\c@savedliste=\count368
\c@listf=\count369
\c@savedlistf=\count370
\c@location=\count371
\c@savedlocation=\count372
\c@organization=\count373
\c@savedorganization=\count374
\c@origlocation=\count375
\c@savedoriglocation=\count376
\c@origpublisher=\count377
\c@savedorigpublisher=\count378
\c@publisher=\count379
\c@savedpublisher=\count380
\c@language=\count381
\c@savedlanguage=\count382
\c@origlanguage=\count383
\c@savedoriglanguage=\count384
\c@pageref=\count385
\c@savedpageref=\count386
\shorthandwidth=\skip59
\shortjournalwidth=\skip60
\shortserieswidth=\skip61
\shorttitlewidth=\skip62
\shortauthorwidth=\skip63
\shorteditorwidth=\skip64
\locallabelnumberwidth=\skip65
\locallabelalphawidth=\skip66
\localshorthandwidth=\skip67
\localshortjournalwidth=\skip68
\localshortserieswidth=\skip69
\localshorttitlewidth=\skip70
\localshortauthorwidth=\skip71
\localshorteditorwidth=\skip72
Package biblatex Info: Trying to load compatibility code...
Package biblatex Info: ... file 'blx-compat.def' found.

(D:\Program Files\MikTex\texmfs\install\tex/latex/biblatex\blx-compat.def
File: blx-compat.def 2024/03/21 v3.20 biblatex compatibility (PK/MW)
)
Package biblatex Info: Trying to load BibTeX backend compatibility...
Package biblatex Info: ... file 'blx-bibtex.def' found.

(D:\Program Files\MikTex\texmfs\install\tex/latex/biblatex\blx-bibtex.def
File: blx-bibtex.def 2024/03/21 v3.20 biblatex compatibility (PK/MW)


Package biblatex Warning: Using fall-back bibtex backend:
(biblatex)                functionality may be reduced/unavailable.

)
Package biblatex Info: Trying to load generic definitions...
Package biblatex Info: ... file 'biblatex.def' found.
 (D:\Program Files\MikTex\texmfs\install\tex/latex/biblatex\biblatex.def
File: biblatex.def 2024/03/21 v3.20 biblatex compatibility (PK/MW)
\c@textcitecount=\count387
\c@textcitetotal=\count388
\c@textcitemaxnames=\count389
\c@biburlbigbreakpenalty=\count390
\c@biburlbreakpenalty=\count391
\c@biburlnumpenalty=\count392
\c@biburlucpenalty=\count393
\c@biburllcpenalty=\count394
\biburlbigskip=\muskip18
\biburlnumskip=\muskip19
\biburlucskip=\muskip20
\biburllcskip=\muskip21
\c@smartand=\count395
)
Package biblatex Info: Trying to load bibliography style 'numeric'...
Package biblatex Info: ... file 'numeric.bbx' found.

(D:\Program Files\MikTex\texmfs\install\tex/latex/biblatex/bbx\numeric.bbx
File: numeric.bbx 2024/03/21 v3.20 biblatex bibliography style (PK/MW)
Package biblatex Info: Trying to load bibliography style 'standard'...
Package biblatex Info: ... file 'standard.bbx' found.

(D:\Program Files\MikTex\texmfs\install\tex/latex/biblatex/bbx\standard.bbx
File: standard.bbx 2024/03/21 v3.20 biblatex bibliography style (PK/MW)
\c@bbx:relatedcount=\count396
\c@bbx:relatedtotal=\count397
))
Package biblatex Info: Trying to load citation style 'numeric'...
Package biblatex Info: ... file 'numeric.cbx' found.

(D:\Program Files\MikTex\texmfs\install\tex/latex/biblatex/cbx\numeric.cbx
File: numeric.cbx 2024/03/21 v3.20 biblatex citation style (PK/MW)
Package biblatex Info: Redefining '\cite'.
Package biblatex Info: Redefining '\parencite'.
Package biblatex Info: Redefining '\footcite'.
Package biblatex Info: Redefining '\footcitetext'.
Package biblatex Info: Redefining '\smartcite'.
Package biblatex Info: Redefining '\supercite'.
Package biblatex Info: Redefining '\textcite'.
Package biblatex Info: Redefining '\textcites'.
Package biblatex Info: Redefining '\cites'.
Package biblatex Info: Redefining '\parencites'.
Package biblatex Info: Redefining '\smartcites'.
)
Package biblatex Info: Trying to load configuration file...
Package biblatex Info: ... file 'biblatex.cfg' found.

(D:\Program Files\MikTex\texmfs\install\tex/latex/biblatex\biblatex.cfg
File: biblatex.cfg 
)
Package biblatex Info: Input encoding 'utf8' detected.
Package biblatex Info: Document encoding is UTF8 ....

(D:\Program Files\MikTex\texmfs\install\tex/latex/l3kernel\expl3.sty
Package: expl3 2025-01-18 L3 programming layer (loader) 

(D:\Program Files\MikTex\texmfs\install\tex/latex/l3backend\l3backend-pdftex.de
f
File: l3backend-pdftex.def 2024-05-08 L3 backend support: PDF output (pdfTeX)
\l__color_backend_stack_int=\count398
\l__pdf_internal_box=\box52
))
Package biblatex Info: ... and expl3
(biblatex)             2025-01-18 L3 programming layer (loader) 
(biblatex)             is new enough (at least 2020/04/06),
(biblatex)             setting 'casechanger=expl3'.

(D:\Program Files\MikTex\texmfs\install\tex/latex/biblatex\blx-case-expl3.sty
(D:\Program Files\MikTex\texmfs\install\tex/latex/l3packages/xparse\xparse.sty
Package: xparse 2024-08-16 L3 Experimental document command parser
)
Package: blx-case-expl3 2024/03/21 v3.20 expl3 case changing code for biblatex
)) (D:\Program Files\MikTex\texmfs\install\tex/latex/hyperref\hyperref.sty
Package: hyperref 2024-11-05 v7.01l Hypertext links for LaTeX

(D:\Program Files\MikTex\texmfs\install\tex/generic/kvdefinekeys\kvdefinekeys.s
ty
Package: kvdefinekeys 2019-12-19 v1.6 Define keys (HO)
) (D:\Program Files\MikTex\texmfs\install\tex/generic/pdfescape\pdfescape.sty
Package: pdfescape 2019/12/09 v1.15 Implements pdfTeX's escape features (HO)
) (D:\Program Files\MikTex\texmfs\install\tex/latex/hycolor\hycolor.sty
Package: hycolor 2020-01-27 v1.10 Color options for hyperref/bookmark (HO)
)
(D:\Program Files\MikTex\texmfs\install\tex/latex/hyperref\nameref.sty
Package: nameref 2023-11-26 v2.56 Cross-referencing by name of section

(D:\Program Files\MikTex\texmfs\install\tex/latex/refcount\refcount.sty
Package: refcount 2019/12/15 v3.6 Data extraction from label references (HO)
)
(D:\Program Files\MikTex\texmfs\install\tex/generic/gettitlestring\gettitlestri
ng.sty
Package: gettitlestring 2019/12/15 v1.6 Cleanup title references (HO)
)
\c@section@level=\count399
)
(D:\Program Files\MikTex\texmfs\install\tex/generic/stringenc\stringenc.sty
Package: stringenc 2019/11/29 v1.12 Convert strings between diff. encodings (HO
)
)
\@linkdim=\dimen143
\Hy@linkcounter=\count400
\Hy@pagecounter=\count401

(D:\Program Files\MikTex\texmfs\install\tex/latex/hyperref\pd1enc.def
File: pd1enc.def 2024-11-05 v7.01l Hyperref: PDFDocEncoding definition (HO)
Now handling font encoding PD1 ...
... no UTF-8 mapping file for font encoding PD1
)
(D:\Program Files\MikTex\texmfs\install\tex/generic/intcalc\intcalc.sty
Package: intcalc 2019/12/15 v1.3 Expandable calculations with integers (HO)
)
\Hy@SavedSpaceFactor=\count402

(D:\Program Files\MikTex\texmfs\install\tex/latex/hyperref\puenc.def
File: puenc.def 2024-11-05 v7.01l Hyperref: PDF Unicode definition (HO)
Now handling font encoding PU ...
... no UTF-8 mapping file for font encoding PU
)
Package hyperref Info: Option `unicode' set `true' on input line 4040.
Package hyperref Info: Hyper figures OFF on input line 4157.
Package hyperref Info: Link nesting OFF on input line 4162.
Package hyperref Info: Hyper index ON on input line 4165.
Package hyperref Info: Plain pages OFF on input line 4172.
Package hyperref Info: Backreferencing OFF on input line 4177.
Package hyperref Info: Implicit mode ON; LaTeX internals redefined.
Package hyperref Info: Bookmarks ON on input line 4424.
\c@Hy@tempcnt=\count403
LaTeX Info: Redefining \url on input line 4763.
\XeTeXLinkMargin=\dimen144

(D:\Program Files\MikTex\texmfs\install\tex/generic/bitset\bitset.sty
Package: bitset 2019/12/09 v1.3 Handle bit-vector datatype (HO)

(D:\Program Files\MikTex\texmfs\install\tex/generic/bigintcalc\bigintcalc.sty
Package: bigintcalc 2019/12/15 v1.5 Expandable calculations on big integers (HO
)
))
\Fld@menulength=\count404
\Field@Width=\dimen145
\Fld@charsize=\dimen146
Package hyperref Info: Hyper figures OFF on input line 6042.
Package hyperref Info: Link nesting OFF on input line 6047.
Package hyperref Info: Hyper index ON on input line 6050.
Package hyperref Info: backreferencing OFF on input line 6057.
Package hyperref Info: Link coloring OFF on input line 6062.
Package hyperref Info: Link coloring with OCG OFF on input line 6067.
Package hyperref Info: PDF/A mode OFF on input line 6072.
(D:\Program Files\MikTex\texmfs\install\tex/latex/base\atbegshi-ltx.sty
Package: atbegshi-ltx 2021/01/10 v1.0c Emulation of the original atbegshi
package with kernel methods
)
\Hy@abspage=\count405
\c@Item=\count406
\c@Hfootnote=\count407
)
Package hyperref Info: Driver (autodetected): hpdftex.

(D:\Program Files\MikTex\texmfs\install\tex/latex/hyperref\hpdftex.def
File: hpdftex.def 2024-11-05 v7.01l Hyperref driver for pdfTeX

(D:\Program Files\MikTex\texmfs\install\tex/latex/base\atveryend-ltx.sty
Package: atveryend-ltx 2020/08/19 v1.0a Emulation of the original atveryend pac
kage
with kernel methods
)
\Fld@listcount=\count408
\c@bookmark@seq@number=\count409

(D:\Program Files\MikTex\texmfs\install\tex/latex/rerunfilecheck\rerunfilecheck
.sty
Package: rerunfilecheck 2022-07-10 v1.10 Rerun checks for auxiliary files (HO)

(D:\Program Files\MikTex\texmfs\install\tex/generic/uniquecounter\uniquecounter
.sty
Package: uniquecounter 2019/12/15 v1.4 Provide unlimited unique counter (HO)
)
Package uniquecounter Info: New unique counter `rerunfilecheck' on input line 2
85.
)
\Hy@SectionHShift=\skip73
) (D:\Program Files\MikTex\texmfs\install\tex/latex/graphics\graphicx.sty
Package: graphicx 2021/09/16 v1.2d Enhanced LaTeX Graphics (DPC,SPQR)
(D:\Program Files\MikTex\texmfs\install\tex/latex/graphics\graphics.sty
Package: graphics 2024/08/06 v1.4g Standard LaTeX Graphics (DPC,SPQR)

(D:\Program Files\MikTex\texmfs\install\tex/latex/graphics\trig.sty
Package: trig 2023/12/02 v1.11 sin cos tan (DPC)
)
(D:\Program Files\MikTex\texmfs\install\tex/latex/graphics-cfg\graphics.cfg
File: graphics.cfg 2016/06/04 v1.11 sample graphics configuration
)
Package graphics Info: Driver file: pdftex.def on input line 106.

(D:\Program Files\MikTex\texmfs\install\tex/latex/graphics-def\pdftex.def
File: pdftex.def 2024/04/13 v1.2c Graphics/color driver for pdftex
))
\Gin@req@height=\dimen147
\Gin@req@width=\dimen148
)
(D:\Program Files\MikTex\texmfs\install\tex/latex/caption\caption.sty
Package: caption 2023/08/05 v3.6o Customizing captions (AR)

(D:\Program Files\MikTex\texmfs\install\tex/latex/caption\caption3.sty
Package: caption3 2023/07/31 v2.4d caption3 kernel (AR)
\caption@tempdima=\dimen149
\captionmargin=\dimen150
\caption@leftmargin=\dimen151
\caption@rightmargin=\dimen152
\caption@width=\dimen153
\caption@indent=\dimen154
\caption@parindent=\dimen155
\caption@hangindent=\dimen156
Package caption Info: Standard document class detected.
)
\c@caption@flags=\count410
\c@continuedfloat=\count411
Package caption Info: hyperref package is loaded.
Package caption Info: scrextend package is loaded.
\caption@addmargin@hsize=\dimen157
\caption@addmargin@linewidth=\dimen158
)
(D:\Program Files\MikTex\texmfs\install\tex/latex/adjustbox\adjustbox.sty
Package: adjustbox 2025/02/26 v1.3c Adjusting TeX boxes (trim, clip, ...)

(D:\Program Files\MikTex\texmfs\install\tex/latex/xkeyval\xkeyval.sty
Package: xkeyval 2022/06/16 v2.9 package option processing (HA)

(D:\Program Files\MikTex\texmfs\install\tex/generic/xkeyval\xkeyval.tex
(D:\Program Files\MikTex\texmfs\install\tex/generic/xkeyval\xkvutils.tex
\XKV@toks=\toks20
\XKV@tempa@toks=\toks21
)
\XKV@depth=\count412
File: xkeyval.tex 2014/12/03 v2.7a key=value parser (HA)
))
(D:\Program Files\MikTex\texmfs\install\tex/latex/adjustbox\adjcalc.sty
Package: adjcalc 2012/05/16 v1.1 Provides advanced setlength with multiple back
-ends (calc, etex, pgfmath)
)
(D:\Program Files\MikTex\texmfs\install\tex/latex/adjustbox\trimclip.sty
Package: trimclip 2025/02/21 v1.2a Trim and clip general TeX material

(D:\Program Files\MikTex\texmfs\install\tex/latex/collectbox\collectbox.sty
Package: collectbox 2022/10/17 v0.4c Collect macro arguments as boxes
\collectedbox=\box53
)
\tc@llx=\dimen159
\tc@lly=\dimen160
\tc@urx=\dimen161
\tc@ury=\dimen162
Package trimclip Info: Using driver 'tc-pdftex.def'.

(D:\Program Files\MikTex\texmfs\install\tex/latex/adjustbox\tc-pdftex.def
File: tc-pdftex.def 2025/02/26 v2.3 Clipping driver for pdftex
))
\adjbox@Width=\dimen163
\adjbox@Height=\dimen164
\adjbox@Depth=\dimen165
\adjbox@Totalheight=\dimen166
\adjbox@pwidth=\dimen167
\adjbox@pheight=\dimen168
\adjbox@pdepth=\dimen169
\adjbox@ptotalheight=\dimen170

(D:\Program Files\MikTex\texmfs\install\tex/latex/ifoddpage\ifoddpage.sty
Package: ifoddpage 2022/10/18 v1.2 Conditionals for odd/even page detection
\c@checkoddpage=\count413
)
(D:\Program Files\MikTex\texmfs\install\tex/latex/varwidth\varwidth.sty
Package: varwidth 2009/03/30 ver 0.92;  Variable-width minipages
\@vwid@box=\box54
\sift@deathcycles=\count414
\@vwid@loff=\dimen171
\@vwid@roff=\dimen172
))
(D:\Program Files\MikTex\texmfs\install\tex/latex/listings\listings.sty
\lst@mode=\count415
\lst@gtempboxa=\box55
\lst@token=\toks22
\lst@length=\count416
\lst@currlwidth=\dimen173
\lst@column=\count417
\lst@pos=\count418
\lst@lostspace=\dimen174
\lst@width=\dimen175
\lst@newlines=\count419
\lst@lineno=\count420
\lst@maxwidth=\dimen176

(D:\Program Files\MikTex\texmfs\install\tex/latex/listings\lstpatch.sty
File: lstpatch.sty 2024/09/23 1.10c (Carsten Heinz)
)
(D:\Program Files\MikTex\texmfs\install\tex/latex/listings\lstmisc.sty
File: lstmisc.sty 2024/09/23 1.10c (Carsten Heinz)
\c@lstnumber=\count421
\lst@skipnumbers=\count422
\lst@framebox=\box56
)
(D:\Program Files\MikTex\texmfs\install\tex/latex/listings\listings.cfg
File: listings.cfg 2024/09/23 1.10c listings configuration
))
Package: listings 2024/09/23 1.10c (Carsten Heinz)

(D:\Program Files\MikTex\texmfs\install\tex/latex/graphics\color.sty
Package: color 2024/06/23 v1.3e Standard LaTeX Color (DPC)

(D:\Program Files\MikTex\texmfs\install\tex/latex/graphics-cfg\color.cfg
File: color.cfg 2016/01/02 v1.6 sample color configuration
)
Package color Info: Driver file: pdftex.def on input line 149.

(D:\Program Files\MikTex\texmfs\install\tex/latex/graphics\mathcolor.ltx))
(D:\Program Files\MikTex\texmfs\install\tex/latex/xcolor\xcolor.sty
Package: xcolor 2024/09/29 v3.02 LaTeX color extensions (UK)

(D:\Program Files\MikTex\texmfs\install\tex/latex/graphics-cfg\color.cfg
File: color.cfg 2016/01/02 v1.6 sample color configuration
)
Package xcolor Info: Driver file: pdftex.def on input line 274.
LaTeX Info: Redefining \color on input line 762.

(D:\Program Files\MikTex\texmfs\install\tex/latex/graphics\mathcolor.ltx)
Package xcolor Info: Model `cmy' substituted by `cmy0' on input line 1349.
Package xcolor Info: Model `hsb' substituted by `rgb' on input line 1353.
Package xcolor Info: Model `RGB' extended on input line 1365.
Package xcolor Info: Model `HTML' substituted by `rgb' on input line 1367.
Package xcolor Info: Model `Hsb' substituted by `hsb' on input line 1368.
Package xcolor Info: Model `tHsb' substituted by `hsb' on input line 1369.
Package xcolor Info: Model `HSB' substituted by `hsb' on input line 1370.
Package xcolor Info: Model `Gray' substituted by `gray' on input line 1371.
Package xcolor Info: Model `wave' substituted by `hsb' on input line 1372.
)
(D:\Program Files\MikTex\texmfs\install\tex/latex/amsmath\amsmath.sty
Package: amsmath 2024/11/05 v2.17t AMS math features
\@mathmargin=\skip74

For additional information on amsmath, use the `?' option.
(D:\Program Files\MikTex\texmfs\install\tex/latex/amsmath\amstext.sty
Package: amstext 2021/08/26 v2.01 AMS text

(D:\Program Files\MikTex\texmfs\install\tex/latex/amsmath\amsgen.sty
File: amsgen.sty 1999/11/30 v2.0 generic functions
\@emptytoks=\toks23
\ex@=\dimen177
))
(D:\Program Files\MikTex\texmfs\install\tex/latex/amsmath\amsbsy.sty
Package: amsbsy 1999/11/29 v1.2d Bold Symbols
\pmbraise@=\dimen178
)
(D:\Program Files\MikTex\texmfs\install\tex/latex/amsmath\amsopn.sty
Package: amsopn 2022/04/08 v2.04 operator names
)
\inf@bad=\count423
LaTeX Info: Redefining \frac on input line 233.
\uproot@=\count424
\leftroot@=\count425
LaTeX Info: Redefining \overline on input line 398.
LaTeX Info: Redefining \colon on input line 409.
\classnum@=\count426
\DOTSCASE@=\count427
LaTeX Info: Redefining \ldots on input line 495.
LaTeX Info: Redefining \dots on input line 498.
LaTeX Info: Redefining \cdots on input line 619.
\Mathstrutbox@=\box57
\strutbox@=\box58
LaTeX Info: Redefining \big on input line 721.
LaTeX Info: Redefining \Big on input line 722.
LaTeX Info: Redefining \bigg on input line 723.
LaTeX Info: Redefining \Bigg on input line 724.
\big@size=\dimen179
LaTeX Font Info:    Redeclaring font encoding OML on input line 742.
LaTeX Font Info:    Redeclaring font encoding OMS on input line 743.
\macc@depth=\count428
LaTeX Info: Redefining \bmod on input line 904.
LaTeX Info: Redefining \pmod on input line 909.
LaTeX Info: Redefining \smash on input line 939.
LaTeX Info: Redefining \relbar on input line 969.
LaTeX Info: Redefining \Relbar on input line 970.
\c@MaxMatrixCols=\count429
\dotsspace@=\muskip22
\c@parentequation=\count430
\dspbrk@lvl=\count431
\tag@help=\toks24
\row@=\count432
\column@=\count433
\maxfields@=\count434
\andhelp@=\toks25
\eqnshift@=\dimen180
\alignsep@=\dimen181
\tagshift@=\dimen182
\tagwidth@=\dimen183
\totwidth@=\dimen184
\lineht@=\dimen185
\@envbody=\toks26
\multlinegap=\skip75
\multlinetaggap=\skip76
\mathdisplay@stack=\toks27
LaTeX Info: Redefining \[ on input line 2953.
LaTeX Info: Redefining \] on input line 2954.
)
(D:\Program Files\MikTex\texmfs\install\tex/latex/algorithms\algorithm.sty
Package: algorithm 2009/08/24 v0.1 Document Style `algorithm' - floating enviro
nment

(D:\Program Files\MikTex\texmfs\install\tex/latex/float\float.sty
Package: float 2001/11/08 v1.3d Float enhancements (AL)
\c@float@type=\count435
\float@exts=\toks28
\float@box=\box59
\@float@everytoks=\toks29
\@floatcapt=\box60
)
\@float@every@algorithm=\toks30
\c@algorithm=\count436
)
(D:\Program Files\MikTex\texmfs\install\tex/latex/algorithmicx\algpseudocode.st
y
Package: algpseudocode 

(D:\Program Files\MikTex\texmfs\install\tex/latex/algorithmicx\algorithmicx.sty
Package: algorithmicx 2005/04/27 v1.2 Algorithmicx
Document Style algorithmicx 1.2 - a greatly improved `algorithmic' style
\c@ALG@line=\count437
\c@ALG@rem=\count438
\c@ALG@nested=\count439
\ALG@tlm=\skip77
\ALG@thistlm=\skip78
\c@ALG@Lnr=\count440
\c@ALG@blocknr=\count441
\c@ALG@storecount=\count442
\c@ALG@tmpcounter=\count443
\ALG@tmplength=\skip79
)
Document Style - pseudocode environments for use with the `algorithmicx' style
) (D:\Program Files\MikTex\texmfs\install\tex/latex/multirow\multirow.sty
Package: multirow 2024/11/12 v2.9 Span multiple rows of a table
\multirow@colwidth=\skip80
\multirow@cntb=\count444
\multirow@dima=\skip81
\bigstrutjot=\dimen186
)
(D:\Program Files\MikTex\texmfs\install\tex/latex/tools\array.sty
Package: array 2024/10/17 v2.6g Tabular extension package (FMi)
\col@sep=\dimen187
\ar@mcellbox=\box61
\extrarowheight=\dimen188
\NC@list=\toks31
\extratabsurround=\skip82
\backup@length=\skip83
\ar@cellbox=\box62
)
(D:\Program Files\MikTex\texmfs\install\tex/latex/titlesec\titlesec.sty
Package: titlesec 2025/01/04 v2.17 Sectioning titles
\ttl@box=\box63
\beforetitleunit=\skip84
\aftertitleunit=\skip85
\ttl@plus=\dimen189
\ttl@minus=\dimen190
\ttl@toksa=\toks32
\titlewidth=\dimen191
\titlewidthlast=\dimen192
\titlewidthfirst=\dimen193
)
(D:\Program Files\MikTex\texmfs\install\tex/latex/setspace\setspace.sty
Package: setspace 2022/12/04 v6.7b set line spacing
)
(D:\Program Files\MikTex\texmfs\install\tex/latex/tools\indentfirst.sty
Package: indentfirst 2023/07/02 v1.03 Indent first paragraph (DPC)
)
(D:\Program Files\MikTex\texmfs\install\tex/latex/fancyhdr\fancyhdr.sty
Package: fancyhdr 2025/02/07 v5.2 Extensive control of page headers and footers

\f@nch@headwidth=\skip86
\f@nch@offset@elh=\skip87
\f@nch@offset@erh=\skip88
\f@nch@offset@olh=\skip89
\f@nch@offset@orh=\skip90
\f@nch@offset@elf=\skip91
\f@nch@offset@erf=\skip92
\f@nch@offset@olf=\skip93
\f@nch@offset@orf=\skip94
\f@nch@height=\skip95
\f@nch@footalignment=\skip96
\f@nch@widthL=\skip97
\f@nch@widthC=\skip98
\f@nch@widthR=\skip99
\@temptokenb=\toks33
)
(D:\Program Files\MikTex\texmfs\install\tex/latex/geometry\geometry.sty
Package: geometry 2020/01/02 v5.9 Page Geometry

(D:\Program Files\MikTex\texmfs\install\tex/generic/iftex\ifvtex.sty
Package: ifvtex 2019/10/25 v1.7 ifvtex legacy package. Use iftex instead.
)
\Gm@cnth=\count445
\Gm@cntv=\count446
\c@Gm@tempcnt=\count447
\Gm@bindingoffset=\dimen194
\Gm@wd@mp=\dimen195
\Gm@odd@mp=\dimen196
\Gm@even@mp=\dimen197
\Gm@layoutwidth=\dimen198
\Gm@layoutheight=\dimen199
\Gm@layouthoffset=\dimen256
\Gm@layoutvoffset=\dimen257
\Gm@dimlist=\toks34

(D:\Program Files\MikTex\texmfs\install\tex/latex/geometry\geometry.cfg))
(D:\Program Files\MikTex\texmfs\install\tex/latex/pgf/frontendlayer\tikz.sty
(D:\Program Files\MikTex\texmfs\install\tex/latex/pgf/basiclayer\pgf.sty
(D:\Program Files\MikTex\texmfs\install\tex/latex/pgf/utilities\pgfrcs.sty
(D:\Program Files\MikTex\texmfs\install\tex/generic/pgf/utilities\pgfutil-commo
n.tex
\pgfutil@everybye=\toks35
\pgfutil@tempdima=\dimen258
\pgfutil@tempdimb=\dimen259
)
(D:\Program Files\MikTex\texmfs\install\tex/generic/pgf/utilities\pgfutil-latex
.def
\pgfutil@abb=\box64
)
(D:\Program Files\MikTex\texmfs\install\tex/generic/pgf/utilities\pgfrcs.code.t
ex (D:\Program Files\MikTex\texmfs\install\tex/generic/pgf\pgf.revision.tex)
Package: pgfrcs 2023-01-15 v3.1.10 (3.1.10)
))
Package: pgf 2023-01-15 v3.1.10 (3.1.10)

(D:\Program Files\MikTex\texmfs\install\tex/latex/pgf/basiclayer\pgfcore.sty
(D:\Program Files\MikTex\texmfs\install\tex/latex/pgf/systemlayer\pgfsys.sty
(D:\Program Files\MikTex\texmfs\install\tex/generic/pgf/systemlayer\pgfsys.code
.tex
Package: pgfsys 2023-01-15 v3.1.10 (3.1.10)

(D:\Program Files\MikTex\texmfs\install\tex/generic/pgf/utilities\pgfkeys.code.
tex
\pgfkeys@pathtoks=\toks36
\pgfkeys@temptoks=\toks37

(D:\Program Files\MikTex\texmfs\install\tex/generic/pgf/utilities\pgfkeyslibrar
yfiltered.code.tex
\pgfkeys@tmptoks=\toks38
))
\pgf@x=\dimen260
\pgf@y=\dimen261
\pgf@xa=\dimen262
\pgf@ya=\dimen263
\pgf@xb=\dimen264
\pgf@yb=\dimen265
\pgf@xc=\dimen266
\pgf@yc=\dimen267
\pgf@xd=\dimen268
\pgf@yd=\dimen269
\w@pgf@writea=\write4
\r@pgf@reada=\read3
\c@pgf@counta=\count448
\c@pgf@countb=\count449
\c@pgf@countc=\count450
\c@pgf@countd=\count451
\t@pgf@toka=\toks39
\t@pgf@tokb=\toks40
\t@pgf@tokc=\toks41
\pgf@sys@id@count=\count452

(D:\Program Files\MikTex\texmfs\install\tex/generic/pgf/systemlayer\pgf.cfg
File: pgf.cfg 2023-01-15 v3.1.10 (3.1.10)
)
Driver file for pgf: pgfsys-pdftex.def

(D:\Program Files\MikTex\texmfs\install\tex/generic/pgf/systemlayer\pgfsys-pdft
ex.def
File: pgfsys-pdftex.def 2023-01-15 v3.1.10 (3.1.10)

(D:\Program Files\MikTex\texmfs\install\tex/generic/pgf/systemlayer\pgfsys-comm
on-pdf.def
File: pgfsys-common-pdf.def 2023-01-15 v3.1.10 (3.1.10)
)))
(D:\Program Files\MikTex\texmfs\install\tex/generic/pgf/systemlayer\pgfsyssoftp
ath.code.tex
File: pgfsyssoftpath.code.tex 2023-01-15 v3.1.10 (3.1.10)
\pgfsyssoftpath@smallbuffer@items=\count453
\pgfsyssoftpath@bigbuffer@items=\count454
)
(D:\Program Files\MikTex\texmfs\install\tex/generic/pgf/systemlayer\pgfsysproto
col.code.tex
File: pgfsysprotocol.code.tex 2023-01-15 v3.1.10 (3.1.10)
))
(D:\Program Files\MikTex\texmfs\install\tex/generic/pgf/basiclayer\pgfcore.code
.tex
Package: pgfcore 2023-01-15 v3.1.10 (3.1.10)

(D:\Program Files\MikTex\texmfs\install\tex/generic/pgf/math\pgfmath.code.tex
(D:\Program Files\MikTex\texmfs\install\tex/generic/pgf/math\pgfmathutil.code.t
ex)
(D:\Program Files\MikTex\texmfs\install\tex/generic/pgf/math\pgfmathparser.code
.tex
\pgfmath@dimen=\dimen270
\pgfmath@count=\count455
\pgfmath@box=\box65
\pgfmath@toks=\toks42
\pgfmath@stack@operand=\toks43
\pgfmath@stack@operation=\toks44
)
(D:\Program Files\MikTex\texmfs\install\tex/generic/pgf/math\pgfmathfunctions.c
ode.tex)
(D:\Program Files\MikTex\texmfs\install\tex/generic/pgf/math\pgfmathfunctions.b
asic.code.tex)
(D:\Program Files\MikTex\texmfs\install\tex/generic/pgf/math\pgfmathfunctions.t
rigonometric.code.tex)
(D:\Program Files\MikTex\texmfs\install\tex/generic/pgf/math\pgfmathfunctions.r
andom.code.tex)
(D:\Program Files\MikTex\texmfs\install\tex/generic/pgf/math\pgfmathfunctions.c
omparison.code.tex)
(D:\Program Files\MikTex\texmfs\install\tex/generic/pgf/math\pgfmathfunctions.b
ase.code.tex)
(D:\Program Files\MikTex\texmfs\install\tex/generic/pgf/math\pgfmathfunctions.r
ound.code.tex)
(D:\Program Files\MikTex\texmfs\install\tex/generic/pgf/math\pgfmathfunctions.m
isc.code.tex)
(D:\Program Files\MikTex\texmfs\install\tex/generic/pgf/math\pgfmathfunctions.i
ntegerarithmetics.code.tex)
(D:\Program Files\MikTex\texmfs\install\tex/generic/pgf/math\pgfmathcalc.code.t
ex)
(D:\Program Files\MikTex\texmfs\install\tex/generic/pgf/math\pgfmathfloat.code.
tex
\c@pgfmathroundto@lastzeros=\count456
))
(D:\Program Files\MikTex\texmfs\install\tex/generic/pgf/math\pgfint.code.tex)
(D:\Program Files\MikTex\texmfs\install\tex/generic/pgf/basiclayer\pgfcorepoint
s.code.tex
File: pgfcorepoints.code.tex 2023-01-15 v3.1.10 (3.1.10)
\pgf@picminx=\dimen271
\pgf@picmaxx=\dimen272
\pgf@picminy=\dimen273
\pgf@picmaxy=\dimen274
\pgf@pathminx=\dimen275
\pgf@pathmaxx=\dimen276
\pgf@pathminy=\dimen277
\pgf@pathmaxy=\dimen278
\pgf@xx=\dimen279
\pgf@xy=\dimen280
\pgf@yx=\dimen281
\pgf@yy=\dimen282
\pgf@zx=\dimen283
\pgf@zy=\dimen284
)
(D:\Program Files\MikTex\texmfs\install\tex/generic/pgf/basiclayer\pgfcorepathc
onstruct.code.tex
File: pgfcorepathconstruct.code.tex 2023-01-15 v3.1.10 (3.1.10)
\pgf@path@lastx=\dimen285
\pgf@path@lasty=\dimen286
)
(D:\Program Files\MikTex\texmfs\install\tex/generic/pgf/basiclayer\pgfcorepathu
sage.code.tex
File: pgfcorepathusage.code.tex 2023-01-15 v3.1.10 (3.1.10)
\pgf@shorten@end@additional=\dimen287
\pgf@shorten@start@additional=\dimen288
)
(D:\Program Files\MikTex\texmfs\install\tex/generic/pgf/basiclayer\pgfcorescope
s.code.tex
File: pgfcorescopes.code.tex 2023-01-15 v3.1.10 (3.1.10)
\pgfpic=\box66
\pgf@hbox=\box67
\pgf@layerbox@main=\box68
\pgf@picture@serial@count=\count457
)
(D:\Program Files\MikTex\texmfs\install\tex/generic/pgf/basiclayer\pgfcoregraph
icstate.code.tex
File: pgfcoregraphicstate.code.tex 2023-01-15 v3.1.10 (3.1.10)
\pgflinewidth=\dimen289
)
(D:\Program Files\MikTex\texmfs\install\tex/generic/pgf/basiclayer\pgfcoretrans
formations.code.tex
File: pgfcoretransformations.code.tex 2023-01-15 v3.1.10 (3.1.10)
\pgf@pt@x=\dimen290
\pgf@pt@y=\dimen291
\pgf@pt@temp=\dimen292
)
(D:\Program Files\MikTex\texmfs\install\tex/generic/pgf/basiclayer\pgfcorequick
.code.tex
File: pgfcorequick.code.tex 2023-01-15 v3.1.10 (3.1.10)
)
(D:\Program Files\MikTex\texmfs\install\tex/generic/pgf/basiclayer\pgfcoreobjec
ts.code.tex
File: pgfcoreobjects.code.tex 2023-01-15 v3.1.10 (3.1.10)
)
(D:\Program Files\MikTex\texmfs\install\tex/generic/pgf/basiclayer\pgfcorepathp
rocessing.code.tex
File: pgfcorepathprocessing.code.tex 2023-01-15 v3.1.10 (3.1.10)
)
(D:\Program Files\MikTex\texmfs\install\tex/generic/pgf/basiclayer\pgfcorearrow
s.code.tex
File: pgfcorearrows.code.tex 2023-01-15 v3.1.10 (3.1.10)
\pgfarrowsep=\dimen293
)
(D:\Program Files\MikTex\texmfs\install\tex/generic/pgf/basiclayer\pgfcoreshade
.code.tex
File: pgfcoreshade.code.tex 2023-01-15 v3.1.10 (3.1.10)
\pgf@max=\dimen294
\pgf@sys@shading@range@num=\count458
\pgf@shadingcount=\count459
)
(D:\Program Files\MikTex\texmfs\install\tex/generic/pgf/basiclayer\pgfcoreimage
.code.tex
File: pgfcoreimage.code.tex 2023-01-15 v3.1.10 (3.1.10)
)
(D:\Program Files\MikTex\texmfs\install\tex/generic/pgf/basiclayer\pgfcoreexter
nal.code.tex
File: pgfcoreexternal.code.tex 2023-01-15 v3.1.10 (3.1.10)
\pgfexternal@startupbox=\box69
)
(D:\Program Files\MikTex\texmfs\install\tex/generic/pgf/basiclayer\pgfcorelayer
s.code.tex
File: pgfcorelayers.code.tex 2023-01-15 v3.1.10 (3.1.10)
)
(D:\Program Files\MikTex\texmfs\install\tex/generic/pgf/basiclayer\pgfcoretrans
parency.code.tex
File: pgfcoretransparency.code.tex 2023-01-15 v3.1.10 (3.1.10)
)
(D:\Program Files\MikTex\texmfs\install\tex/generic/pgf/basiclayer\pgfcorepatte
rns.code.tex
File: pgfcorepatterns.code.tex 2023-01-15 v3.1.10 (3.1.10)
)
(D:\Program Files\MikTex\texmfs\install\tex/generic/pgf/basiclayer\pgfcorerdf.c
ode.tex
File: pgfcorerdf.code.tex 2023-01-15 v3.1.10 (3.1.10)
)))
(D:\Program Files\MikTex\texmfs\install\tex/generic/pgf/modules\pgfmoduleshapes
.code.tex
File: pgfmoduleshapes.code.tex 2023-01-15 v3.1.10 (3.1.10)
\pgfnodeparttextbox=\box70
)
(D:\Program Files\MikTex\texmfs\install\tex/generic/pgf/modules\pgfmoduleplot.c
ode.tex
File: pgfmoduleplot.code.tex 2023-01-15 v3.1.10 (3.1.10)
)
(D:\Program Files\MikTex\texmfs\install\tex/latex/pgf/compatibility\pgfcomp-ver
sion-0-65.sty
Package: pgfcomp-version-0-65 2023-01-15 v3.1.10 (3.1.10)
\pgf@nodesepstart=\dimen295
\pgf@nodesepend=\dimen296
)
(D:\Program Files\MikTex\texmfs\install\tex/latex/pgf/compatibility\pgfcomp-ver
sion-1-18.sty
Package: pgfcomp-version-1-18 2023-01-15 v3.1.10 (3.1.10)
))
(D:\Program Files\MikTex\texmfs\install\tex/latex/pgf/utilities\pgffor.sty
(D:\Program Files\MikTex\texmfs\install\tex/latex/pgf/utilities\pgfkeys.sty
(D:\Program Files\MikTex\texmfs\install\tex/generic/pgf/utilities\pgfkeys.code.
tex)) (D:\Program Files\MikTex\texmfs\install\tex/latex/pgf/math\pgfmath.sty
(D:\Program Files\MikTex\texmfs\install\tex/generic/pgf/math\pgfmath.code.tex))

(D:\Program Files\MikTex\texmfs\install\tex/generic/pgf/utilities\pgffor.code.t
ex
Package: pgffor 2023-01-15 v3.1.10 (3.1.10)
\pgffor@iter=\dimen297
\pgffor@skip=\dimen298
\pgffor@stack=\toks45
\pgffor@toks=\toks46
))
(D:\Program Files\MikTex\texmfs\install\tex/generic/pgf/frontendlayer/tikz\tikz
.code.tex
Package: tikz 2023-01-15 v3.1.10 (3.1.10)

(D:\Program Files\MikTex\texmfs\install\tex/generic/pgf/libraries\pgflibraryplo
thandlers.code.tex
File: pgflibraryplothandlers.code.tex 2023-01-15 v3.1.10 (3.1.10)
\pgf@plot@mark@count=\count460
\pgfplotmarksize=\dimen299
)
\tikz@lastx=\dimen300
\tikz@lasty=\dimen301
\tikz@lastxsaved=\dimen302
\tikz@lastysaved=\dimen303
\tikz@lastmovetox=\dimen304
\tikz@lastmovetoy=\dimen305
\tikzleveldistance=\dimen306
\tikzsiblingdistance=\dimen307
\tikz@figbox=\box71
\tikz@figbox@bg=\box72
\tikz@tempbox=\box73
\tikz@tempbox@bg=\box74
\tikztreelevel=\count461
\tikznumberofchildren=\count462
\tikznumberofcurrentchild=\count463
\tikz@fig@count=\count464

(D:\Program Files\MikTex\texmfs\install\tex/generic/pgf/modules\pgfmodulematrix
.code.tex
File: pgfmodulematrix.code.tex 2023-01-15 v3.1.10 (3.1.10)
\pgfmatrixcurrentrow=\count465
\pgfmatrixcurrentcolumn=\count466
\pgf@matrix@numberofcolumns=\count467
)
\tikz@expandcount=\count468

(D:\Program Files\MikTex\texmfs\install\tex/generic/pgf/frontendlayer/tikz/libr
aries\tikzlibrarytopaths.code.tex
File: tikzlibrarytopaths.code.tex 2023-01-15 v3.1.10 (3.1.10)
)))
(D:\Program Files\MikTex\texmfs\install\tex/generic/pgf/frontendlayer/tikz/libr
aries\tikzlibrarycalc.code.tex
File: tikzlibrarycalc.code.tex 2023-01-15 v3.1.10 (3.1.10)
) (myacronyms.sty
Package: myacronyms 

(D:\Program Files\MikTex\texmfs\install\tex/latex/glossaries/base\glossaries.st
y
Package: glossaries 2025/03/19 v4.58 (NLCT)
 (D:\Program Files\MikTex\texmfs\install\tex/latex/mfirstuc\mfirstuc.sty
Package: mfirstuc 2025/04/03 v2.09 (NLCT)
\@glsmfirst=\toks47
\@glsmrest=\toks48
)
(D:\Program Files\MikTex\texmfs\install\tex/latex/xfor\xfor.sty
Package: xfor 2009/02/05 v1.05 (NLCT)
)
(D:\Program Files\MikTex\texmfs\install\tex/latex/datatool\datatool-base.sty
Package: datatool-base 2025/04/03 v3.4 (NLCT)

(D:\Program Files\MikTex\texmfs\install\tex/latex/tracklang\tracklang.sty
Package: tracklang 2025/03/11 v1.6.6 (NLCT) Track Languages

(D:\Program Files\MikTex\texmfs\install\tex/generic/tracklang\tracklang.tex))
(D:\Program Files\MikTex\texmfs\install\tex/latex/datatool\datatool-l3fp.def
File: datatool-l3fp.def 2025/04/03 v3.4 (NLCT)
)
\@dtl@toks=\toks49
\@dtl@tmpcount=\count469
\dtl@tmplength=\skip100
\l__datatool_measure_box=\box75
\dtl@sortresult=\count470

(D:\Program Files\MikTex\texmfs\install\tex/latex/datatool\datatool-utf8.ldf
File: datatool-utf8.ldf 2025/04/03 v3.4 (NLCT)
)
\@dtl@datatype=\count471
\l__datatool_tmpa_int=\count472
\l__datatool_tmpb_int=\count473
\l__datatool_tmpc_int=\count474
\l__datatool_tmpd_int=\count475
\l__datatool_count_int=\count476
\l__datatool_tmp_datatype_int=\count477
\l__datatool_tmpa_dim=\dimen308
\l__datatool_tmpb_dim=\dimen309
\c_datatool_unknown_int=\count478
\l__datatool_year_int=\count479
\l__datatool_month_int=\count480
\l__datatool_day_int=\count481
\l__datatool_hour_int=\count482
\l__datatool_minute_int=\count483
\l__datatool_second_int=\count484
\l__datatool_tzhour_int=\count485
\l__datatool_tzminute_int=\count486
\l__datatool_julian_int=\count487
\l__datatool_local_julian_int=\count488
\l__datatool_prefix_int=\count489
\l__datatool_suffix_int=\count490
\@dtl@foreach@level=\count491
\dtl@codeA=\count492
\dtl@codeB=\count493
)
\gls@level=\count494
\@gls@tmpb=\toks50
\gls@tmplen=\skip101
\glskeylisttok=\toks51
\glslabeltok=\toks52
\glsshorttok=\toks53
\glslongtok=\toks54

(D:\Program Files\MikTex\texmfs\install\tex/latex/glossaries/styles\glossary-hy
pernav.sty
Package: glossary-hypernav 2025/03/19 v4.58 (NLCT)
)
(D:\Program Files\MikTex\texmfs\install\tex/latex/glossaries/styles\glossary-li
st.sty
Package: glossary-list 2025/03/19 v4.58 (NLCT)
\glslistdottedwidth=\skip102
)
(D:\Program Files\MikTex\texmfs\install\tex/latex/glossaries/styles\glossary-lo
ng.sty
Package: glossary-long 2025/03/19 v4.58 (NLCT)
 (D:\Program Files\MikTex\texmfs\install\tex/latex/tools\longtable.sty
Package: longtable 2024-10-27 v4.22 Multi-page Table package (DPC)
\LTleft=\skip103
\LTright=\skip104
\LTpre=\skip105
\LTpost=\skip106
\LTchunksize=\count495
\LTcapwidth=\dimen310
\LT@head=\box76
\LT@firsthead=\box77
\LT@foot=\box78
\LT@lastfoot=\box79
\LT@gbox=\box80
\LT@cols=\count496
\LT@rows=\count497
\c@LT@tables=\count498
\c@LT@chunks=\count499
\LT@p@ftn=\toks55
)
\glsdescwidth=\skip107
\glspagelistwidth=\skip108
)
(D:\Program Files\MikTex\texmfs\install\tex/latex/glossaries/styles\glossary-su
per.sty
Package: glossary-super 2025/03/19 v4.58 (NLCT)

(D:\Program Files\MikTex\texmfs\install\tex/latex/supertabular\supertabular.sty
Package: supertabular 2024/07/20 v4.2c the supertabular environment
\c@tracingst=\count500
\ST@wd=\dimen311
\ST@rightskip=\skip109
\ST@leftskip=\skip110
\ST@parfillskip=\skip111
\ST@pageleft=\dimen312
\ST@headht=\dimen313
\ST@tailht=\dimen314
\ST@pagesofar=\dimen315
\ST@pboxht=\dimen316
\ST@rowht=\dimen317
\ST@prevht=\dimen318
\ST@toadd=\dimen319
\ST@dimen=\dimen320
\ST@pbox=\box81
))
(D:\Program Files\MikTex\texmfs\install\tex/latex/glossaries/styles\glossary-tr
ee.sty
Package: glossary-tree 2025/03/19 v4.58 (NLCT)
\glstreeindent=\skip112
))
\glswrite=\write5
\glo@main@file=\write6
\openout6 = `main.glo'.

Package glossaries Info: Writing glossary file main.glo on input line 3.
\glo@acronym@file=\write7
\openout7 = `main.acn'.

Package glossaries Info: Writing glossary file main.acn on input line 3.
) (D:\Program Files\MikTex\texmfs\install\tex/latex/svg\svg.sty
Package: svg 2020/11/26 v2.02k (include SVG pictures)

(D:\Program Files\MikTex\texmfs\install\tex/latex/trimspaces\trimspaces.sty
Package: trimspaces 2009/09/17 v1.1 Trim spaces around a token list
)
(D:\Program Files\MikTex\texmfs\install\tex/latex/tools\shellesc.sty
Package: shellesc 2023/07/08 v1.0d unified shell escape interface for LaTeX
Package shellesc Info: Restricted shell escape enabled on input line 77.
)
\c@svg@param@lastpage=\count501
\svg@box=\box82
\c@svg@param@currpage=\count502
)
(D:\Program Files\MikTex\texmfs\install\tex/latex/transparent\transparent.sty
Package: transparent 2022-10-27 v1.5 Transparency with color stacks

(D:\Program Files\MikTex\texmfs\install\tex/latex/transparent\transparent-nomet
adata.sty
Package: transparent-nometadata 2022-10-27 v1.5 Transparency via pdfTeX's color
 stack (HO)
 (D:\Program Files\MikTex\texmfs\install\tex/latex/auxhook\auxhook.sty
Package: auxhook 2019-12-17 v1.6 Hooks for auxiliary files (HO)
)))
(D:\Program Files\MikTex\texmfs\install\tex/latex/tikz-timing\tikz-timing.sty
Package: tikz-timing 2017/12/20 v0.7f Digital Timing Diagrams using TikZ

(D:\Program Files\MikTex\texmfs\install\tex/generic/pgf/frontendlayer/tikz/libr
aries\tikzlibrarybackgrounds.code.tex
File: tikzlibrarybackgrounds.code.tex 2023-01-15 v3.1.10 (3.1.10)
\pgf@layerbox@background=\box83
\pgf@layerboxsaved@background=\box84
)
(D:\Program Files\MikTex\texmfs\install\tex/generic/pgf/frontendlayer/tikz/libr
aries\tikzlibrarydecorations.pathmorphing.code.tex
(D:\Program Files\MikTex\texmfs\install\tex/generic/pgf/frontendlayer/tikz/libr
aries\tikzlibrarydecorations.code.tex
(D:\Program Files\MikTex\texmfs\install\tex/generic/pgf/modules\pgfmoduledecora
tions.code.tex
\pgfdecoratedcompleteddistance=\dimen321
\pgfdecoratedremainingdistance=\dimen322
\pgfdecoratedinputsegmentcompleteddistance=\dimen323
\pgfdecoratedinputsegmentremainingdistance=\dimen324
\pgf@decorate@distancetomove=\dimen325
\pgf@decorate@repeatstate=\count503
\pgfdecorationsegmentamplitude=\dimen326
\pgfdecorationsegmentlength=\dimen327
)
\tikz@lib@dec@box=\box85
)
(D:\Program Files\MikTex\texmfs\install\tex/generic/pgf/libraries/decorations\p
gflibrarydecorations.pathmorphing.code.tex))
\tikztiming@numint=\count504
\tikztiming@numfrac=\count505
\tikztiming@xunit=\skip113
\tikztiming@yunit=\skip114
\tikztiming@debug=\count506
\c@tikztiming@nrows=\count507
\c@tikztimingrows=\count508
\c@tikztimingtrans=\count509
\c@tikztimingtranspos=\count510
)
(D:\Program Files\MikTex\texmfs\install\tex/latex/booktabs\booktabs.sty
Package: booktabs 2020/01/12 v1.61803398 Publication quality tables
\heavyrulewidth=\dimen328
\lightrulewidth=\dimen329
\cmidrulewidth=\dimen330
\belowrulesep=\dimen331
\belowbottomsep=\dimen332
\aboverulesep=\dimen333
\abovetopsep=\dimen334
\cmidrulesep=\dimen335
\cmidrulekern=\dimen336
\defaultaddspace=\dimen337
\@cmidla=\count511
\@cmidlb=\count512
\@aboverulesep=\dimen338
\@belowrulesep=\dimen339
\@thisruleclass=\count513
\@lastruleclass=\count514
\@thisrulewidth=\dimen340
)
(D:\Program Files\MikTex\texmfs\install\tex/latex/caption\subcaption.sty
Package: subcaption 2023/07/28 v1.6b Sub-captions (AR)
Package caption Info: New subtype `subfigure' on input line 238.
\c@subfigure=\count515
Package caption Info: New subtype `subtable' on input line 238.
\c@subtable=\count516
)
\@quotelevel=\count517
\@quotereset=\count518

(main.aux (chapter1.aux) (chapter2.aux) (chapter3.aux) (chapter4.aux)
(chapter5.aux) (chapter6.aux))
\openout1 = `main.aux'.

LaTeX Font Info:    Checking defaults for OML/cmm/m/it on input line 168.
LaTeX Font Info:    ... okay on input line 168.
LaTeX Font Info:    Checking defaults for OMS/cmsy/m/n on input line 168.
LaTeX Font Info:    ... okay on input line 168.
LaTeX Font Info:    Checking defaults for OT1/cmr/m/n on input line 168.
LaTeX Font Info:    ... okay on input line 168.
LaTeX Font Info:    Checking defaults for T1/cmr/m/n on input line 168.
LaTeX Font Info:    ... okay on input line 168.
LaTeX Font Info:    Checking defaults for TS1/cmr/m/n on input line 168.
LaTeX Font Info:    ... okay on input line 168.
LaTeX Font Info:    Checking defaults for OMX/cmex/m/n on input line 168.
LaTeX Font Info:    ... okay on input line 168.
LaTeX Font Info:    Checking defaults for U/cmr/m/n on input line 168.
LaTeX Font Info:    ... okay on input line 168.
LaTeX Font Info:    Checking defaults for T5/cmr/m/n on input line 168.
LaTeX Font Info:    ... okay on input line 168.
LaTeX Font Info:    Checking defaults for PD1/pdf/m/n on input line 168.
LaTeX Font Info:    ... okay on input line 168.
LaTeX Font Info:    Checking defaults for PU/pdf/m/n on input line 168.
LaTeX Font Info:    ... okay on input line 168.
Package biblatex Info: Trying to load language 'english'...
Package biblatex Info: ... file 'english.lbx' found.

(D:\Program Files\MikTex\texmfs\install\tex/latex/biblatex/lbx\english.lbx
File: english.lbx 2024/03/21 v3.20 biblatex localization (PK/MW)
)
Package biblatex Info: Input encoding 'utf8' detected.
Package biblatex Info: Automatic encoding selection.
(biblatex)             Assuming data encoding 'utf8'.
Package biblatex Info: Input encoding 'utf8' detected.
Package biblatex Info: Data encoding 'utf8' specified.
(biblatex)             No need to reencode data.
\openout3 = `main-blx.bib'.

Package biblatex Info: Trying to load bibliographic data...
Package biblatex Info: ... file 'main.bbl' found.

(main.bbl

Package biblatex Warning: BibTeX reported the following issues
(biblatex)                with 'sifive2018tilelink':
(biblatex)                - Invalid format of field 'month'.


Package biblatex Warning: BibTeX reported the following issues
(biblatex)                with 'riscv:manual:user:2024':
(biblatex)                - Invalid format of field 'month'.


Package biblatex Warning: BibTeX reported the following issues
(biblatex)                with 'zhao2020sonicboom':
(biblatex)                - Invalid format of field 'month'.

)
Package biblatex Info: Reference section=0 on input line 168.
Package biblatex Info: Reference segment=0 on input line 168.
Package hyperref Info: Link coloring OFF on input line 168.
 (main.out) (main.out)
\@outlinefile=\write8
\openout8 = `main.out'.


(D:\Program Files\MikTex\texmfs\install\tex/context/base/mkii\supp-pdf.mkii
[Loading MPS to PDF converter (version 2006.09.02).]
\scratchcounter=\count519
\scratchdimen=\dimen341
\scratchbox=\box86
\nofMPsegments=\count520
\nofMParguments=\count521
\everyMPshowfont=\toks56
\MPscratchCnt=\count522
\MPscratchDim=\dimen342
\MPnumerator=\count523
\makeMPintoPDFobject=\count524
\everyMPtoPDFconversion=\toks57
)
(D:\Program Files\MikTex\texmfs\install\tex/latex/epstopdf-pkg\epstopdf-base.st
y
Package: epstopdf-base 2020-01-24 v2.11 Base part for package epstopdf
Package epstopdf-base Info: Redefining graphics rule for `.eps' on input line 4
85.
 (D:\Program Files\MikTex\texmfs\install\tex/latex/00miktex\epstopdf-sys.cfg
File: epstopdf-sys.cfg 2021/03/18 v2.0 Configuration of epstopdf for MiKTeX
))
Package caption Info: Begin \AtBeginDocument code.
Package caption Info: float package is loaded.
Package caption Info: listings package is loaded.
Package caption Info: longtable package is loaded.
(D:\Program Files\MikTex\texmfs\install\tex/latex/caption\ltcaption.sty
Package: ltcaption 2021/01/08 v1.4c longtable captions (AR)
)
Package caption Info: supertabular package is loaded.
Package caption Info: End \AtBeginDocument code.
\c@lstlisting=\count525

*geometry* driver: auto-detecting
*geometry* detected driver: pdftex
*geometry* verbose mode - [ preamble ] result:
* driver: pdftex
* paper: a4paper
* layout: <same size as paper>
* layoutoffset:(h,v)=(0.0pt,0.0pt)
* modes: includefoot twoside 
* h-part:(L,W,R)=(71.13188pt, 469.47049pt, 56.9055pt)
* v-part:(T,H,B)=(56.9055pt, 731.23584pt, 56.9055pt)
* \paperwidth=597.50787pt
* \paperheight=845.04684pt
* \textwidth=469.47049pt
* \textheight=688.55672pt
* \oddsidemargin=-1.1381pt
* \evensidemargin=-15.36449pt
* \topmargin=-54.36449pt
* \headheight=14.0pt
* \headsep=25.0pt
* \topskip=14.0pt
* \footskip=42.67912pt
* \marginparwidth=61.0pt
* \marginparsep=10.0pt
* \columnsep=10.0pt
* \skip\footins=11.69997pt plus 5.19942pt minus 2.60054pt
* \hoffset=0.0pt
* \voffset=0.0pt
* \mag=1000
* \@twocolumnfalse
* \@twosidetrue
* \@mparswitchtrue
* \@reversemarginfalse
* (1in=72.27pt=25.4mm, 1cm=28.453pt)

(Title/title.tex
Package hyperref Info: Option `pageanchor' set `false' on input line 2.


[1

\openout5 = `main.ist'.

{D:/Program Files/MikTex/texmfs/data/fonts/map/pdftex/pdftex.map}]

[2]

[3]

[4]
Package hyperref Info: Option `pageanchor' set `true' on input line 86.
) (main.toc
LaTeX Font Info:    Calculating math sizes for size <13> on input line 6.


LaTeX Font Warning: Font shape `OT1/cmr/m/n' in size <6.5> not available
(Font)              size <6> substituted on input line 6.


LaTeX Font Warning: Font shape `OML/cmm/m/it' in size <13> not available
(Font)              size <12> substituted on input line 6.


LaTeX Font Warning: Font shape `OML/cmm/m/it' in size <6.5> not available
(Font)              size <6> substituted on input line 6.


LaTeX Font Warning: Font shape `OMS/cmsy/m/n' in size <13> not available
(Font)              size <12> substituted on input line 6.


LaTeX Font Warning: Font shape `OMS/cmsy/m/n' in size <6.5> not available
(Font)              size <6> substituted on input line 6.


LaTeX Font Warning: Font shape `OMX/cmex/m/n' in size <13> not available
(Font)              size <12> substituted on input line 6.



[1




])
\tf@toc=\write9
\openout9 = `main.toc'.

 (main.acr)

[2] (main.lof
LaTeX Font Info:    Trying to load font information for T5+cmtt on input line 2
4.
 (D:\Program Files\MikTex\texmfs\install\tex/latex/vntex\t5cmtt.fd
File: t5cmtt.fd 1999/05/25 v2.5h Standard LaTeX font definitions
)

[3




]
Overfull \hbox (3.67242pt too wide) in paragraph at lines 39--39
 [][] [][]\T5/cmr/m/n/13 Conceptual view of Gem-mini's de-cou-pled access-execu
te pipelines, man- 
 []

)
\tf@lof=\write10
\openout10 = `main.lof'.



[4] (main.lot
Overfull \hbox (18.41805pt too wide) in paragraph at lines 4--4
 [][] [][]\T5/cmr/m/n/13 Pseudo-instructions and their cor-re-spond-ing stan-da
rd in-struc-tions. Source 
 []

)
\tf@lot=\write11
\openout11 = `main.lot'.



[5




]

[6


]
\openout2 = `chapter1.aux'.

 (chapter1.tex
CHNG 1.
)

[1



]
\openout2 = `chapter2.aux'.

 (chapter2.tex

[2





]
CHNG 2.
<Images/RISCV_Logo.pdf, id=459, 746.79pt x 118.4425pt>
File: Images/RISCV_Logo.pdf Graphic file (type pdf)
<use Images/RISCV_Logo.pdf>
Package pdftex.def Info: Images/RISCV_Logo.pdf  used on input line 10.
(pdftex.def)             Requested size: 234.73524pt x 37.22824pt.


[3 <./Images/RISCV_Logo.pdf>]

LaTeX Font Warning: Font shape `TS1/cmr/m/n' in size <13> not available
(Font)              size <12> substituted on input line 19.



[4]

LaTeX Warning: `!h' float specifier changed to `!ht'.

<Images/RISCV_BaseInstructionFormats.pdf, id=480, 479.7925pt x 170.6375pt>
File: Images/RISCV_BaseInstructionFormats.pdf Graphic file (type pdf)
<use Images/RISCV_BaseInstructionFormats.pdf>
Package pdftex.def Info: Images/RISCV_BaseInstructionFormats.pdf  used on input
 line 66.
(pdftex.def)             Requested size: 469.47049pt x 166.96843pt.

LaTeX Warning: `!h' float specifier changed to `!ht'.



[5]

[6 <./Images/RISCV_BaseInstructionFormats.pdf>]
<Images/RV32I_BaseInstructionSet.pdf, id=1491, 501.875pt x 773.89125pt>
File: Images/RV32I_BaseInstructionSet.pdf Graphic file (type pdf)
<use Images/RV32I_BaseInstructionSet.pdf>
Package pdftex.def Info: Images/RV32I_BaseInstructionSet.pdf  used on input lin
e 82.
(pdftex.def)             Requested size: 328.6279pt x 506.76668pt.


[7 <./Images/RV32I_BaseInstructionSet.pdf>]
Overfull \hbox (107.50258pt too wide) in paragraph at lines 95--119
 [][] 
 []


Overfull \hbox (66.4276pt too wide) in paragraph at lines 127--142
 [][] 
 []


LaTeX Warning: `!h' float specifier changed to `!ht'.



[8]
Overfull \hbox (0.31924pt too wide) in paragraph at lines 148--149
\T5/cmr/m/n/13 tec-tures, fea-tur-ing 64-bit wide reg-is-ters and sup-port-ing 
64-bit ad-dress-ing (XLEN=64),
 []



[9]
<Images/RISCV_64bit_ADDIW.pdf, id=1516, 495.8525pt x 48.18pt>
File: Images/RISCV_64bit_ADDIW.pdf Graphic file (type pdf)
<use Images/RISCV_64bit_ADDIW.pdf>
Package pdftex.def Info: Images/RISCV_64bit_ADDIW.pdf  used on input line 154.
(pdftex.def)             Requested size: 469.47049pt x 45.61707pt.
<Images/RISCV_64bit_I_Type.pdf, id=1520, 495.8525pt x 66.2475pt>
File: Images/RISCV_64bit_I_Type.pdf Graphic file (type pdf)
<use Images/RISCV_64bit_I_Type.pdf>
Package pdftex.def Info: Images/RISCV_64bit_I_Type.pdf  used on input line 163.

(pdftex.def)             Requested size: 469.47049pt x 62.72348pt.
<Images/RISCV_64bit_I_Type_ShiftBit.pdf, id=1524, 495.8525pt x 82.3075pt>
File: Images/RISCV_64bit_I_Type_ShiftBit.pdf Graphic file (type pdf)
<use Images/RISCV_64bit_I_Type_ShiftBit.pdf>
Package pdftex.def Info: Images/RISCV_64bit_I_Type_ShiftBit.pdf  used on input 
line 172.
(pdftex.def)             Requested size: 469.47049pt x 77.92917pt.


[10 <./Images/RISCV_64bit_ADDIW.pdf> <./Images/RISCV_64bit_I_Type.pdf

pdfTeX warning: pdflatex.exe (file ./Images/RISCV_64bit_I_Type.pdf): PDF inclus
ion: multiple pdfs with page group included in a single page
> <./Images/RISCV_64bit_I_Type_ShiftBit.pdf

pdfTeX warning: pdflatex.exe (file ./Images/RISCV_64bit_I_Type_ShiftBit.pdf): P
DF inclusion: multiple pdfs with page group included in a single page
>]
<Images/RISCV_64bit_LoadStoreWord.pdf, id=2502, 495.8525pt x 112.42pt>
File: Images/RISCV_64bit_LoadStoreWord.pdf Graphic file (type pdf)
<use Images/RISCV_64bit_LoadStoreWord.pdf>
Package pdftex.def Info: Images/RISCV_64bit_LoadStoreWord.pdf  used on input li
ne 183.
(pdftex.def)             Requested size: 469.47049pt x 106.43987pt.


[11 <./Images/RISCV_64bit_LoadStoreWord.pdf>]

pdfTeX warning: pdflatex.exe (file ./Images/RISC_Pipeline.pdf): PDF inclusion: 
found PDF version <1.7>, but at most version <1.5> allowed
<Images/RISC_Pipeline.pdf, id=3079, 397.485pt x 148.6353pt>
File: Images/RISC_Pipeline.pdf Graphic file (type pdf)
<use Images/RISC_Pipeline.pdf>
Package pdftex.def Info: Images/RISC_Pipeline.pdf  used on input line 202.
(pdftex.def)             Requested size: 422.52057pt x 158.00172pt.


[12 <./Images/RISC_Pipeline.pdf>]

[13]
<Images/Rocket_Core_Pipeline_5stages.pdf, id=3108, 351.3125pt x 86.3225pt>
File: Images/Rocket_Core_Pipeline_5stages.pdf Graphic file (type pdf)
<use Images/Rocket_Core_Pipeline_5stages.pdf>
Package pdftex.def Info: Images/Rocket_Core_Pipeline_5stages.pdf  used on input
 line 232.
(pdftex.def)             Requested size: 328.6279pt x 80.75456pt.


[14 <./Images/Rocket_Core_Pipeline_5stages.pdf>]
<Images/BOOM_Pipeline.pdf, id=3367, 439.6425pt x 189.70876pt>
File: Images/BOOM_Pipeline.pdf Graphic file (type pdf)
<use Images/BOOM_Pipeline.pdf>
Package pdftex.def Info: Images/BOOM_Pipeline.pdf  used on input line 245.
(pdftex.def)             Requested size: 469.47049pt x 202.58688pt.


[15 <./Images/BOOM_Pipeline.pdf>]

[16]
<Images/Chipyard_ChipyardLogo.pdf, id=4105, 1271.75125pt x 288.07625pt>
File: Images/Chipyard_ChipyardLogo.pdf Graphic file (type pdf)
<use Images/Chipyard_ChipyardLogo.pdf>
Package pdftex.def Info: Images/Chipyard_ChipyardLogo.pdf  used on input line 2
74.
(pdftex.def)             Requested size: 328.6279pt x 74.4409pt.
<Images/Chipyard_Toolchain.pdf, id=4108, 918.43124pt x 387.4475pt>
File: Images/Chipyard_Toolchain.pdf Graphic file (type pdf)
<use Images/Chipyard_Toolchain.pdf>
Package pdftex.def Info: Images/Chipyard_Toolchain.pdf  used on input line 283.

(pdftex.def)             Requested size: 375.57782pt x 158.44066pt.


[17 <./Images/Chipyard_ChipyardLogo.pdf> <./Images/Chipyard_Toolchain.pdf

pdfTeX warning: pdflatex.exe (file ./Images/Chipyard_Toolchain.pdf): PDF inclus
ion: multiple pdfs with page group included in a single page
>])

[18]
\openout2 = `chapter3.aux'.

 (chapter3.tex
CHNG 3.
<Images/Chisel_logo.pdf, id=4202, 313.17pt x 42.1575pt>
File: Images/Chisel_logo.pdf Graphic file (type pdf)
<use Images/Chisel_logo.pdf>
Package pdftex.def Info: Images/Chisel_logo.pdf  used on input line 21.
(pdftex.def)             Requested size: 140.84258pt x 18.95975pt.
<Images/Chisel_Scala_Logo.pdf, id=4203, 405.515pt x 160.6pt>
File: Images/Chisel_Scala_Logo.pdf Graphic file (type pdf)
<use Images/Chisel_Scala_Logo.pdf>
Package pdftex.def Info: Images/Chisel_Scala_Logo.pdf  used on input line 26.
(pdftex.def)             Requested size: 84.50124pt x 33.46478pt.
<Images/Chisel_FIRRTL.pdf, id=4204, 303.1325pt x 131.49126pt>
File: Images/Chisel_FIRRTL.pdf Graphic file (type pdf)
<use Images/Chisel_FIRRTL.pdf>
Package pdftex.def Info: Images/Chisel_FIRRTL.pdf  used on input line 31.
(pdftex.def)             Requested size: 84.50124pt x 36.65477pt.
<Images/Chisel_ChipsAlliance.pdf, id=4205, 752.8125pt x 252.945pt>
File: Images/Chisel_ChipsAlliance.pdf Graphic file (type pdf)
<use Images/Chisel_ChipsAlliance.pdf>
Package pdftex.def Info: Images/Chisel_ChipsAlliance.pdf  used on input line 36
.
(pdftex.def)             Requested size: 93.89265pt x 31.54471pt.


[19





 <./Images/Chisel_logo.pdf> <./Images/Chisel_Scala_Logo.pdf

pdfTeX warning: pdflatex.exe (file ./Images/Chisel_Scala_Logo.pdf): PDF inclusi
on: multiple pdfs with page group included in a single page
> <./Images/Chisel_FIRRTL.pdf

pdfTeX warning: pdflatex.exe (file ./Images/Chisel_FIRRTL.pdf): PDF inclusion: 
multiple pdfs with page group included in a single page
> <./Images/Chisel_ChipsAlliance.pdf

pdfTeX warning: pdflatex.exe (file ./Images/Chisel_ChipsAlliance.pdf): PDF incl
usion: multiple pdfs with page group included in a single page
>]

[20]

pdfTeX warning: pdflatex.exe (file ./Images/RocketTile_Basic.pdf): PDF inclusio
n: found PDF version <1.7>, but at most version <1.5> allowed
<Images/RocketTile_Basic.pdf, id=4224, 174.6525pt x 131.53139pt>
File: Images/RocketTile_Basic.pdf Graphic file (type pdf)
<use Images/RocketTile_Basic.pdf>
Package pdftex.def Info: Images/RocketTile_Basic.pdf  used on input line 66.
(pdftex.def)             Requested size: 281.68515pt x 212.17049pt.

LaTeX Warning: `!h' float specifier changed to `!ht'.


Overfull \hbox (67.6544pt too wide) in paragraph at lines 71--72
\T5/cmr/m/n/13 cord-ing to im-ple-men-ta-tion needs, such as \T5/cmtt/m/n/13 Wi
thNBigCore()\T5/cmr/m/n/13 , \T5/cmtt/m/n/13 WithNMedCore()\T5/cmr/m/n/13 , \T5
/cmtt/m/n/13 WithNSmallCore()\T5/cmr/m/n/13 ,
 []



[21]

pdfTeX warning: pdflatex.exe (file ./Images/RocketChip_Gemmini_Diagram.pdf): PD
F inclusion: found PDF version <1.7>, but at most version <1.5> allowed
<Images/RocketChip_Gemmini_Diagram.pdf, id=4231, 328.3467pt x 283.0575pt>
File: Images/RocketChip_Gemmini_Diagram.pdf Graphic file (type pdf)
<use Images/RocketChip_Gemmini_Diagram.pdf>
Package pdftex.def Info: Images/RocketChip_Gemmini_Diagram.pdf  used on input l
ine 81.
(pdftex.def)             Requested size: 422.52057pt x 364.24298pt.

LaTeX Warning: `!h' float specifier changed to `!ht'.



[22 <./Images/RocketTile_Basic.pdf>]
<Images/TileLink_Topology.pdf, id=4246, 372.39125pt x 167.62625pt>
File: Images/TileLink_Topology.pdf Graphic file (type pdf)
<use Images/TileLink_Topology.pdf>
Package pdftex.def Info: Images/TileLink_Topology.pdf  used on input line 95.
(pdftex.def)             Requested size: 375.57782pt x 169.06584pt.


LaTeX Warning: `!h' float specifier changed to `!ht'.



[23 <./Images/RocketChip_Gemmini_Diagram.pdf>]

[24 <./Images/TileLink_Topology.pdf>]
<Images/TileLink_FiveChannel.pdf, id=4504, 304.13625pt x 218.8175pt>
File: Images/TileLink_FiveChannel.pdf Graphic file (type pdf)
<use Images/TileLink_FiveChannel.pdf>
Package pdftex.def Info: Images/TileLink_FiveChannel.pdf  used on input line 12
8.
(pdftex.def)             Requested size: 375.57782pt x 270.22571pt.


[25 <./Images/TileLink_FiveChannel.pdf>]
Overfull \hbox (3.48706pt too wide) in paragraph at lines 146--147
[]\T5/cmr/m/n/13 The choice of TileLink bus con-fig-u-ra-tion is rel-e-vant for
 con-nect-ing var-i-ous memory-
 []

<Images/TileLink_Overview.pdf, id=4626, 309.155pt x 223.83624pt>
File: Images/TileLink_Overview.pdf Graphic file (type pdf)
<use Images/TileLink_Overview.pdf>
Package pdftex.def Info: Images/TileLink_Overview.pdf  used on input line 151.
(pdftex.def)             Requested size: 328.6279pt x 237.9552pt.


[26 <./Images/TileLink_Overview.pdf>]

[27]

pdfTeX warning: pdflatex.exe (file ./Images/RocketBOOM_CoreComplex.pdf): PDF in
clusion: found PDF version <1.7>, but at most version <1.5> allowed
<Images/RocketBOOM_CoreComplex.pdf, id=4725, 485.89528pt x 210.7875pt>
File: Images/RocketBOOM_CoreComplex.pdf Graphic file (type pdf)
<use Images/RocketBOOM_CoreComplex.pdf>
Package pdftex.def Info: Images/RocketBOOM_CoreComplex.pdf  used on input line 
181.
(pdftex.def)             Requested size: 469.47049pt x 203.66919pt.


pdfTeX warning: pdflatex.exe (file ./Images/RocketChip_Peripherals.pdf): PDF in
clusion: found PDF version <1.7>, but at most version <1.5> allowed
<Images/RocketChip_Peripherals.pdf, id=4726, 342.31888pt x 280.1667pt>
File: Images/RocketChip_Peripherals.pdf Graphic file (type pdf)
<use Images/RocketChip_Peripherals.pdf>
Package pdftex.def Info: Images/RocketChip_Peripherals.pdf  used on input line 
195.
(pdftex.def)             Requested size: 375.57782pt x 307.38918pt.

LaTeX Warning: `!h' float specifier changed to `!ht'.



[28 <./Images/RocketBOOM_CoreComplex.pdf>]

pdfTeX warning: pdflatex.exe (file ./Images/RocketChip_WithMMIO.pdf): PDF inclu
sion: found PDF version <1.7>, but at most version <1.5> allowed
<Images/RocketChip_WithMMIO.pdf, id=4740, 376.52669pt x 210.7875pt>
File: Images/RocketChip_WithMMIO.pdf Graphic file (type pdf)
<use Images/RocketChip_WithMMIO.pdf>
Package pdftex.def Info: Images/RocketChip_WithMMIO.pdf  used on input line 215
.
(pdftex.def)             Requested size: 469.47049pt x 262.83723pt.

LaTeX Warning: `!h' float specifier changed to `!ht'.



[29 <./Images/RocketChip_Peripherals.pdf>]
Underfull \vbox (badness 1342) has occurred while \output is active []



[30 <./Images/RocketChip_WithMMIO.pdf>])

[31]
\openout2 = `chapter4.aux'.

 (chapter4.tex

[32





]
CHNG 4.
<Images/EfficientDNN_EnergyConsumption.pdf, id=4778, 282.05376pt x 227.85126pt>

File: Images/EfficientDNN_EnergyConsumption.pdf Graphic file (type pdf)
<use Images/EfficientDNN_EnergyConsumption.pdf>
Package pdftex.def Info: Images/EfficientDNN_EnergyConsumption.pdf  used on inp
ut line 19.
(pdftex.def)             Requested size: 375.57782pt x 303.42427pt.

LaTeX Warning: `!h' float specifier changed to `!ht'.



[33]

pdfTeX warning: pdflatex.exe (file ./Images/SystolicArray_Kung1982.pdf): PDF in
clusion: found PDF version <1.7>, but at most version <1.5> allowed
<Images/SystolicArray_Kung1982.pdf, id=4792, 354.36388pt x 259.93109pt>
File: Images/SystolicArray_Kung1982.pdf Graphic file (type pdf)
<use Images/SystolicArray_Kung1982.pdf>
Package pdftex.def Info: Images/SystolicArray_Kung1982.pdf  used on input line 
33.
(pdftex.def)             Requested size: 422.52057pt x 309.94054pt.

Underfull \vbox (badness 10000) has occurred while \output is active []



[34 <./Images/EfficientDNN_EnergyConsumption.pdf>]

[35 <./Images/SystolicArray_Kung1982.pdf>]
<Images/TPU_v1_Overview.pdf, id=4984, 307.1475pt x 234.8775pt>
File: Images/TPU_v1_Overview.pdf Graphic file (type pdf)
<use Images/TPU_v1_Overview.pdf>
Package pdftex.def Info: Images/TPU_v1_Overview.pdf  used on input line 47.
(pdftex.def)             Requested size: 422.52057pt x 323.1242pt.


LaTeX Warning: `!h' float specifier changed to `!ht'.

<Images/NVDLA_ArchitectureOverview.pdf, id=4991, 566.115pt x 260.975pt>
File: Images/NVDLA_ArchitectureOverview.pdf Graphic file (type pdf)
<use Images/NVDLA_ArchitectureOverview.pdf>
Package pdftex.def Info: Images/NVDLA_ArchitectureOverview.pdf  used on input l
ine 57.
(pdftex.def)             Requested size: 469.47049pt x 216.43pt.


[36]

[37 <./Images/TPU_v1_Overview.pdf>]
<Images/EfficientDNN_DataReuse.pdf, id=5022, 337.26pt x 135.50626pt>
File: Images/EfficientDNN_DataReuse.pdf Graphic file (type pdf)
<use Images/EfficientDNN_DataReuse.pdf>
Package pdftex.def Info: Images/EfficientDNN_DataReuse.pdf  used on input line 
73.
(pdftex.def)             Requested size: 422.52057pt x 169.76695pt.
<Images/EfficientDNN_ModernDataflow.pdf, id=5025, 372.39125pt x 295.1025pt>
File: Images/EfficientDNN_ModernDataflow.pdf Graphic file (type pdf)
<use Images/EfficientDNN_ModernDataflow.pdf>
Package pdftex.def Info: Images/EfficientDNN_ModernDataflow.pdf  used on input 
line 80.
(pdftex.def)             Requested size: 422.52057pt x 334.83981pt.
<Images/Gemmini_compute_os.pdf, id=5028, 268.26625pt x 261.62666pt>
File: Images/Gemmini_compute_os.pdf Graphic file (type pdf)
<use Images/Gemmini_compute_os.pdf>
Package pdftex.def Info: Images/Gemmini_compute_os.pdf  used on input line 89.
(pdftex.def)             Requested size: 225.34383pt x 219.77686pt.
<Images/Gemmini_compute_ws.pdf, id=5029, 256.72392pt x 262.82512pt>
File: Images/Gemmini_compute_ws.pdf Graphic file (type pdf)
<use Images/Gemmini_compute_ws.pdf>
Package pdftex.def Info: Images/Gemmini_compute_ws.pdf  used on input line 96.
(pdftex.def)             Requested size: 225.34383pt x 230.7013pt.
)

[38 <./Images/NVDLA_ArchitectureOverview.pdf> <./Images/EfficientDNN_DataReuse.
pdf

pdfTeX warning: pdflatex.exe (file ./Images/EfficientDNN_DataReuse.pdf): PDF in
clusion: multiple pdfs with page group included in a single page
>]

[39 <./Images/EfficientDNN_ModernDataflow.pdf>]

[40 <./Images/Gemmini_compute_os.pdf> <./Images/Gemmini_compute_ws.pdf

pdfTeX warning: pdflatex.exe (file ./Images/Gemmini_compute_ws.pdf): PDF inclus
ion: multiple pdfs with page group included in a single page
>]

[41]
\openout2 = `chapter5.aux'.

 (chapter5.tex

[42





]
CHNG 5.
<Images/Gemmini_Logo.pdf, id=6929, 327.2225pt x 51.19125pt>
File: Images/Gemmini_Logo.pdf Graphic file (type pdf)
<use Images/Gemmini_Logo.pdf>
Package pdftex.def Info: Images/Gemmini_Logo.pdf  used on input line 9.
(pdftex.def)             Requested size: 422.52057pt x 66.10023pt.
<Images/Gemmini_SystolicNVDLA.pdf, id=6936, 467.7475pt x 266.9975pt>
File: Images/Gemmini_SystolicNVDLA.pdf Graphic file (type pdf)
<use Images/Gemmini_SystolicNVDLA.pdf>
Package pdftex.def Info: Images/Gemmini_SystolicNVDLA.pdf  used on input line 2
7.
(pdftex.def)             Requested size: 422.52057pt x 241.1918pt.


[43 <./Images/Gemmini_Logo.pdf>]
<Images/Gemmini_ArchitectureOverview.pdf, id=6947, 226.8475pt x 123.46124pt>
File: Images/Gemmini_ArchitectureOverview.pdf Graphic file (type pdf)
<use Images/Gemmini_ArchitectureOverview.pdf>
Package pdftex.def Info: Images/Gemmini_ArchitectureOverview.pdf  used on input
 line 38.
(pdftex.def)             Requested size: 422.52057pt x 229.95764pt.


[44 <./Images/Gemmini_SystolicNVDLA.pdf>]
<Images/Gemmini_MicroArchitecture.png, id=6988, 1049.1195pt x 479.8728pt>
File: Images/Gemmini_MicroArchitecture.png Graphic file (type png)
<use Images/Gemmini_MicroArchitecture.png>
Package pdftex.def Info: Images/Gemmini_MicroArchitecture.png  used on input li
ne 51.
(pdftex.def)             Requested size: 469.47049pt x 214.73991pt.

Overfull \hbox (5.3755pt too wide) in paragraph at lines 61--62
\T5/cmr/m/n/13 main sta-tion-ary, max-i-miz-ing weight reuse as in-put ac-ti-va
-tions are streamed
 []



[45 <./Images/Gemmini_ArchitectureOverview.pdf>]
LaTeX Font Info:    Font shape `T5/cmtt/bx/n' in size <13> not available
(Font)              Font shape `T5/cmtt/m/n' tried instead on input line 68.

Overfull \hbox (9.65782pt too wide) in paragraph at lines 70--71
\T5/cmr/m/n/13 Matrix Mul-ti-pli-ca-tion (GEMM), they are adept at ac-cel-er-at
-ing 2D con-vo-lu-tions through
 []

<Images/Gemmini_Im2Col.png, id=7297, 731.73375pt x 854.69313pt>
File: Images/Gemmini_Im2Col.png Graphic file (type png)
<use Images/Gemmini_Im2Col.png>
Package pdftex.def Info: Images/Gemmini_Im2Col.png  used on input line 76.
(pdftex.def)             Requested size: 469.47049pt x 548.35806pt.

LaTeX Warning: `!h' float specifier changed to `!ht'.


Underfull \vbox (badness 1484) has occurred while \output is active []



[46 <./Images/Gemmini_MicroArchitecture.png>]
Overfull \vbox (14.9475pt too high) has occurred while \output is active []



[47 <./Images/Gemmini_Im2Col.png>]
<Images/Gemmini_DecoupledAccessExecutePipeline.pdf, id=7312, 412.54124pt x 215.
80624pt>
File: Images/Gemmini_DecoupledAccessExecutePipeline.pdf Graphic file (type pdf)

<use Images/Gemmini_DecoupledAccessExecutePipeline.pdf>
Package pdftex.def Info: Images/Gemmini_DecoupledAccessExecutePipeline.pdf  use
d on input line 101.
(pdftex.def)             Requested size: 375.57782pt x 196.47289pt.


[48])

[49 <./Images/Gemmini_DecoupledAccessExecutePipeline.pdf>]
\openout2 = `chapter6.aux'.

 (chapter6.tex

[50





]
CHNG 6.


pdfTeX warning: pdflatex.exe (file ./Images/Gemmini_InternalOverview.pdf): PDF 
inclusion: found PDF version <1.7>, but at most version <1.5> allowed
<Images/Gemmini_InternalOverview.pdf, id=7338, 880.24857pt x 448.5558pt>
File: Images/Gemmini_InternalOverview.pdf Graphic file (type pdf)
<use Images/Gemmini_InternalOverview.pdf>
Package pdftex.def Info: Images/Gemmini_InternalOverview.pdf  used on input lin
e 14.
(pdftex.def)             Requested size: 469.47049pt x 239.2392pt.


[51 <./Images/Gemmini_InternalOverview.pdf>]

LaTeX Warning: File `_YOUR_IMAGE_PATH_/Sensors_Fig4.png' not found on input lin
e 24.


! Package pdftex.def Error: File `_YOUR_IMAGE_PATH_/Sensors_Fig4.png' not found
: using draft setting.

See the pdftex.def package documentation for explanation.
Type  H <return>  for immediate help.
 ...                                              
                                                  
l.24 ...width]{_YOUR_IMAGE_PATH_/Sensors_Fig4.png}
                                                  
Try typing  <return>  to proceed.
If that doesn't work, type  X <return>  to quit.


Underfull \vbox (badness 10000) has occurred while \output is active []



[52]

LaTeX Warning: File `_YOUR_IMAGE_PATH_/Sensors_Fig6.png' not found on input lin
e 34.


! Package pdftex.def Error: File `_YOUR_IMAGE_PATH_/Sensors_Fig6.png' not found
: using draft setting.

See the pdftex.def package documentation for explanation.
Type  H <return>  for immediate help.
 ...                                              
                                                  
l.34 ...width]{_YOUR_IMAGE_PATH_/Sensors_Fig6.png}
                                                  
Try typing  <return>  to proceed.
If that doesn't work, type  X <return>  to quit.



[53]

LaTeX Warning: File `_YOUR_IMAGE_PATH_/Sensors_Fig8.png' not found on input lin
e 44.


! Package pdftex.def Error: File `_YOUR_IMAGE_PATH_/Sensors_Fig8.png' not found
: using draft setting.

See the pdftex.def package documentation for explanation.
Type  H <return>  for immediate help.
 ...                                              
                                                  
l.44 ...width]{_YOUR_IMAGE_PATH_/Sensors_Fig8.png}
                                                  
Try typing  <return>  to proceed.
If that doesn't work, type  X <return>  to quit.


LaTeX Warning: File `_YOUR_IMAGE_PATH_/Sensors_Fig9.png' not found on input lin
e 51.


! Package pdftex.def Error: File `_YOUR_IMAGE_PATH_/Sensors_Fig9.png' not found
: using draft setting.

See the pdftex.def package documentation for explanation.
Type  H <return>  for immediate help.
 ...                                              
                                                  
l.51 ...width]{_YOUR_IMAGE_PATH_/Sensors_Fig9.png}
                                                  
Try typing  <return>  to proceed.
If that doesn't work, type  X <return>  to quit.


Underfull \vbox (badness 1490) has occurred while \output is active []



[54]

[55]
! Undefined control sequence.
l.74 \todo
          [inline]{Specify the key parameters for your Gemmini instance here...
The control sequence at the end of the top line
of your error message was never \def'ed. If you have
misspelled it (e.g., `\hobx'), type `I' and the correct
spelling (e.g., `I\hbox'). Otherwise just continue,
and I'll forget about whatever was undefined.



[56])

[57]

[58




]

[59




]

[60]
Overfull \hbox (9.73006pt too wide) in paragraph at lines 249--249
\T5/cmr/m/n/13 In: \T5/cmr/m/it/13 Fourth Work-shop on Com-puter Ar-chi-tec-tur
e Re-search with RISC-V (CARRV)\T5/cmr/m/n/13 .
 []



[61] (main.aux (chapter1.aux) (chapter2.aux) (chapter3.aux) (chapter4.aux)
(chapter5.aux) (chapter6.aux))
 ***********
LaTeX2e <2024-11-01> patch level 2
L3 programming layer <2025-01-18>
 ***********


LaTeX Font Warning: Size substitutions with differences
(Font)              up to 1.0pt have occurred.


LaTeX Warning: Label(s) may have changed. Rerun to get cross-references right.

Package rerunfilecheck Info: File `main.out' has not changed.
(rerunfilecheck)             Checksum: 430278966591D5E73105B421BF976008;11794.
Package logreq Info: Writing requests to 'main.run.xml'.
\openout1 = `main.run.xml'.

 ) 
Here is how much of TeX's memory you used:
 44851 strings out of 473523
 890818 string characters out of 5717480
 1748537 words of memory out of 5000000
 67211 multiletter control sequences out of 15000+600000
 572631 words of font info for 61 fonts, out of 8000000 for 9000
 1141 hyphenation exceptions out of 8191
 108i,12n,107p,2368b,1648s stack positions out of 10000i,1000n,20000p,200000b,200000s
 <D:\Program Files\MikTex\texmfs/data\fonts/pk/ljfour/jknappen/ec/dpi600\tcrm
1200.pk><D:/Program Files/MikTex/texmfs/install/fonts/type1/public/amsfonts/cm/
cmsy10.pfb><D:/Program Files/MikTex/texmfs/install/fonts/type1/vntex/vnr/vnbx12
.pfb><D:/Program Files/MikTex/texmfs/install/fonts/type1/vntex/vnr/vncsc10.pfb>
<D:/Program Files/MikTex/texmfs/install/fonts/type1/vntex/vnr/vnr12.pfb><D:/Pro
gram Files/MikTex/texmfs/install/fonts/type1/vntex/vnr/vnr17.pfb><D:/Program Fi
les/MikTex/texmfs/install/fonts/type1/vntex/vnr/vnti12.pfb><D:/Program Files/Mi
kTex/texmfs/install/fonts/type1/vntex/vnr/vntt12.pfb>
Output written on main.pdf (71 pages, 4211552 bytes).
PDF statistics:
 7534 PDF objects out of 8907 (max. 8388607)
 190 named destinations out of 1000 (max. 500000)
 624 words of extra memory for PDF output out of 10000 (max. 10000000)

